{"C:\\Users\\Ana Luiza\\Desktop\\vitest-app-demo\\vitest-demo\\src\\App.tsx": {"path":"C:\\Users\\Ana Luiza\\Desktop\\vitest-app-demo\\vitest-demo\\src\\App.tsx","all":true,"statementMap":{"0":{"start":{"line":1,"column":0},"end":{"line":1,"column":33}},"1":{"start":{"line":2,"column":0},"end":{"line":2,"column":19}},"2":{"start":{"line":3,"column":0},"end":{"line":3,"column":71}},"3":{"start":{"line":4,"column":0},"end":{"line":4,"column":49}},"4":{"start":{"line":5,"column":0},"end":{"line":5,"column":49}},"5":{"start":{"line":6,"column":0},"end":{"line":6,"column":0}},"6":{"start":{"line":7,"column":0},"end":{"line":7,"column":16}},"7":{"start":{"line":8,"column":0},"end":{"line":8,"column":79}},"8":{"start":{"line":9,"column":0},"end":{"line":9,"column":16}},"9":{"start":{"line":10,"column":0},"end":{"line":10,"column":4}},"10":{"start":{"line":11,"column":0},"end":{"line":11,"column":0}},"11":{"start":{"line":12,"column":0},"end":{"line":12,"column":10}},"12":{"start":{"line":13,"column":0},"end":{"line":13,"column":25}},"13":{"start":{"line":14,"column":0},"end":{"line":14,"column":37}},"14":{"start":{"line":15,"column":0},"end":{"line":15,"column":40}},"15":{"start":{"line":16,"column":0},"end":{"line":16,"column":77}},"16":{"start":{"line":17,"column":0},"end":{"line":17,"column":0}},"17":{"start":{"line":18,"column":0},"end":{"line":18,"column":40}},"18":{"start":{"line":19,"column":0},"end":{"line":19,"column":17}},"19":{"start":{"line":20,"column":0},"end":{"line":20,"column":40}},"20":{"start":{"line":21,"column":0},"end":{"line":21,"column":66}},"21":{"start":{"line":22,"column":0},"end":{"line":22,"column":54}},"22":{"start":{"line":23,"column":0},"end":{"line":23,"column":11}},"23":{"start":{"line":24,"column":0},"end":{"line":24,"column":22}},"24":{"start":{"line":25,"column":0},"end":{"line":25,"column":19}},"25":{"start":{"line":26,"column":0},"end":{"line":26,"column":17}},"26":{"start":{"line":27,"column":0},"end":{"line":27,"column":35}},"27":{"start":{"line":28,"column":0},"end":{"line":28,"column":61}},"28":{"start":{"line":29,"column":0},"end":{"line":29,"column":49}},"29":{"start":{"line":30,"column":0},"end":{"line":30,"column":11}},"30":{"start":{"line":31,"column":0},"end":{"line":31,"column":21}},"31":{"start":{"line":32,"column":0},"end":{"line":32,"column":19}},"32":{"start":{"line":33,"column":0},"end":{"line":33,"column":17}},"33":{"start":{"line":34,"column":0},"end":{"line":34,"column":35}},"34":{"start":{"line":35,"column":0},"end":{"line":35,"column":61}},"35":{"start":{"line":36,"column":0},"end":{"line":36,"column":49}},"36":{"start":{"line":37,"column":0},"end":{"line":37,"column":11}},"37":{"start":{"line":38,"column":0},"end":{"line":38,"column":23}},"38":{"start":{"line":39,"column":0},"end":{"line":39,"column":19}},"39":{"start":{"line":40,"column":0},"end":{"line":40,"column":14}},"40":{"start":{"line":41,"column":0},"end":{"line":41,"column":15}},"41":{"start":{"line":42,"column":0},"end":{"line":42,"column":0}},"42":{"start":{"line":43,"column":0},"end":{"line":43,"column":33}},"43":{"start":{"line":44,"column":0},"end":{"line":44,"column":40}},"44":{"start":{"line":45,"column":0},"end":{"line":45,"column":41}},"45":{"start":{"line":46,"column":0},"end":{"line":46,"column":42}},"46":{"start":{"line":47,"column":0},"end":{"line":47,"column":34}},"47":{"start":{"line":48,"column":0},"end":{"line":48,"column":49}},"48":{"start":{"line":49,"column":0},"end":{"line":49,"column":77}},"49":{"start":{"line":50,"column":0},"end":{"line":50,"column":19}},"50":{"start":{"line":51,"column":0},"end":{"line":51,"column":20}},"51":{"start":{"line":52,"column":0},"end":{"line":52,"column":22}},"52":{"start":{"line":53,"column":0},"end":{"line":53,"column":78}},"53":{"start":{"line":54,"column":0},"end":{"line":54,"column":23}},"54":{"start":{"line":55,"column":0},"end":{"line":55,"column":22}},"55":{"start":{"line":56,"column":0},"end":{"line":56,"column":79}},"56":{"start":{"line":57,"column":0},"end":{"line":57,"column":23}},"57":{"start":{"line":58,"column":0},"end":{"line":58,"column":22}},"58":{"start":{"line":59,"column":0},"end":{"line":59,"column":75}},"59":{"start":{"line":60,"column":0},"end":{"line":60,"column":23}},"60":{"start":{"line":61,"column":0},"end":{"line":61,"column":21}},"61":{"start":{"line":62,"column":0},"end":{"line":62,"column":20}},"62":{"start":{"line":63,"column":0},"end":{"line":63,"column":18}},"63":{"start":{"line":64,"column":0},"end":{"line":64,"column":35}},"64":{"start":{"line":65,"column":0},"end":{"line":65,"column":20}},"65":{"start":{"line":66,"column":0},"end":{"line":66,"column":10}},"66":{"start":{"line":67,"column":0},"end":{"line":67,"column":35}},"67":{"start":{"line":68,"column":0},"end":{"line":68,"column":41}},"68":{"start":{"line":69,"column":0},"end":{"line":69,"column":42}},"69":{"start":{"line":70,"column":0},"end":{"line":70,"column":32}},"70":{"start":{"line":71,"column":0},"end":{"line":71,"column":49}},"71":{"start":{"line":72,"column":0},"end":{"line":72,"column":79}},"72":{"start":{"line":73,"column":0},"end":{"line":73,"column":20}},"73":{"start":{"line":74,"column":0},"end":{"line":74,"column":62}},"74":{"start":{"line":75,"column":0},"end":{"line":75,"column":76}},"75":{"start":{"line":76,"column":0},"end":{"line":76,"column":72}},"76":{"start":{"line":77,"column":0},"end":{"line":77,"column":21}},"77":{"start":{"line":78,"column":0},"end":{"line":78,"column":20}},"78":{"start":{"line":79,"column":0},"end":{"line":79,"column":18}},"79":{"start":{"line":80,"column":0},"end":{"line":80,"column":24}},"80":{"start":{"line":81,"column":0},"end":{"line":81,"column":20}},"81":{"start":{"line":82,"column":0},"end":{"line":82,"column":10}},"82":{"start":{"line":83,"column":0},"end":{"line":83,"column":35}},"83":{"start":{"line":84,"column":0},"end":{"line":84,"column":41}},"84":{"start":{"line":85,"column":0},"end":{"line":85,"column":24}},"85":{"start":{"line":86,"column":0},"end":{"line":86,"column":20}},"86":{"start":{"line":87,"column":0},"end":{"line":87,"column":10}},"87":{"start":{"line":88,"column":0},"end":{"line":88,"column":13}},"88":{"start":{"line":89,"column":0},"end":{"line":89,"column":10}},"89":{"start":{"line":90,"column":0},"end":{"line":90,"column":4}},"90":{"start":{"line":91,"column":0},"end":{"line":91,"column":1}},"91":{"start":{"line":92,"column":0},"end":{"line":92,"column":0}},"92":{"start":{"line":93,"column":0},"end":{"line":93,"column":19}}},"s":{"0":0,"1":0,"2":0,"3":0,"4":0,"5":0,"6":0,"7":0,"8":0,"9":0,"10":0,"11":0,"12":0,"13":0,"14":0,"15":0,"16":0,"17":0,"18":0,"19":0,"20":0,"21":0,"22":0,"23":0,"24":0,"25":0,"26":0,"27":0,"28":0,"29":0,"30":0,"31":0,"32":0,"33":0,"34":0,"35":0,"36":0,"37":0,"38":0,"39":0,"40":0,"41":0,"42":0,"43":0,"44":0,"45":0,"46":0,"47":0,"48":0,"49":0,"50":0,"51":0,"52":0,"53":0,"54":0,"55":0,"56":0,"57":0,"58":0,"59":0,"60":0,"61":0,"62":0,"63":0,"64":0,"65":0,"66":0,"67":0,"68":0,"69":0,"70":0,"71":0,"72":0,"73":0,"74":0,"75":0,"76":0,"77":0,"78":0,"79":0,"80":0,"81":0,"82":0,"83":0,"84":0,"85":0,"86":0,"87":0,"88":0,"89":0,"90":0,"91":0,"92":0},"branchMap":{"0":{"type":"branch","line":1,"loc":{"start":{"line":1,"column":0},"end":{"line":93,"column":19}},"locations":[{"start":{"line":1,"column":0},"end":{"line":93,"column":19}}]}},"b":{"0":[0]},"fnMap":{"0":{"name":"(empty-report)","decl":{"start":{"line":1,"column":0},"end":{"line":93,"column":19}},"loc":{"start":{"line":1,"column":0},"end":{"line":93,"column":19}},"line":1}},"f":{"0":0}}
,"C:\\Users\\Ana Luiza\\Desktop\\vitest-app-demo\\vitest-demo\\src\\main.tsx": {"path":"C:\\Users\\Ana Luiza\\Desktop\\vitest-app-demo\\vitest-demo\\src\\main.tsx","all":true,"statementMap":{"0":{"start":{"line":1,"column":0},"end":{"line":1,"column":34}},"1":{"start":{"line":2,"column":0},"end":{"line":2,"column":45}},"2":{"start":{"line":3,"column":0},"end":{"line":3,"column":20}},"3":{"start":{"line":4,"column":0},"end":{"line":4,"column":27}},"4":{"start":{"line":5,"column":0},"end":{"line":5,"column":0}},"5":{"start":{"line":6,"column":0},"end":{"line":6,"column":52}},"6":{"start":{"line":7,"column":0},"end":{"line":7,"column":14}},"7":{"start":{"line":8,"column":0},"end":{"line":8,"column":11}},"8":{"start":{"line":9,"column":0},"end":{"line":9,"column":16}},"9":{"start":{"line":10,"column":0},"end":{"line":10,"column":1}}},"s":{"0":0,"1":0,"2":0,"3":0,"4":0,"5":0,"6":0,"7":0,"8":0,"9":0},"branchMap":{"0":{"type":"branch","line":1,"loc":{"start":{"line":1,"column":0},"end":{"line":10,"column":1}},"locations":[{"start":{"line":1,"column":0},"end":{"line":10,"column":1}}]}},"b":{"0":[0]},"fnMap":{"0":{"name":"(empty-report)","decl":{"start":{"line":1,"column":0},"end":{"line":10,"column":1}},"loc":{"start":{"line":1,"column":0},"end":{"line":10,"column":1}},"line":1}},"f":{"0":0}}
,"C:\\Users\\Ana Luiza\\Desktop\\vitest-app-demo\\vitest-demo\\src\\components\\CalculatorComponent.tsx": {"path":"C:\\Users\\Ana Luiza\\Desktop\\vitest-app-demo\\vitest-demo\\src\\components\\CalculatorComponent.tsx","all":false,"statementMap":{"0":{"start":{"line":1,"column":0},"end":{"line":1,"column":40}},"1":{"start":{"line":2,"column":0},"end":{"line":2,"column":38}},"7":{"start":{"line":8,"column":0},"end":{"line":8,"column":73}},"8":{"start":{"line":9,"column":0},"end":{"line":9,"column":24}},"9":{"start":{"line":10,"column":0},"end":{"line":10,"column":7}},"10":{"start":{"line":11,"column":0},"end":{"line":11,"column":47}},"11":{"start":{"line":12,"column":0},"end":{"line":12,"column":47}},"12":{"start":{"line":13,"column":0},"end":{"line":13,"column":60}},"13":{"start":{"line":14,"column":0},"end":{"line":14,"column":51}},"14":{"start":{"line":15,"column":0},"end":{"line":15,"column":49}},"16":{"start":{"line":17,"column":0},"end":{"line":17,"column":34}},"18":{"start":{"line":19,"column":0},"end":{"line":19,"column":33}},"19":{"start":{"line":20,"column":0},"end":{"line":20,"column":17}},"21":{"start":{"line":22,"column":0},"end":{"line":22,"column":32}},"22":{"start":{"line":23,"column":0},"end":{"line":23,"column":32}},"24":{"start":{"line":25,"column":0},"end":{"line":25,"column":33}},"25":{"start":{"line":26,"column":0},"end":{"line":26,"column":45}},"26":{"start":{"line":27,"column":0},"end":{"line":27,"column":13}},"27":{"start":{"line":28,"column":0},"end":{"line":28,"column":5}},"29":{"start":{"line":30,"column":0},"end":{"line":30,"column":9}},"30":{"start":{"line":31,"column":0},"end":{"line":31,"column":36}},"32":{"start":{"line":33,"column":0},"end":{"line":33,"column":26}},"33":{"start":{"line":34,"column":0},"end":{"line":34,"column":19}},"34":{"start":{"line":35,"column":0},"end":{"line":35,"column":53}},"35":{"start":{"line":36,"column":0},"end":{"line":36,"column":16}},"36":{"start":{"line":37,"column":0},"end":{"line":37,"column":24}},"37":{"start":{"line":38,"column":0},"end":{"line":38,"column":58}},"38":{"start":{"line":39,"column":0},"end":{"line":39,"column":16}},"39":{"start":{"line":40,"column":0},"end":{"line":40,"column":24}},"40":{"start":{"line":41,"column":0},"end":{"line":41,"column":58}},"41":{"start":{"line":42,"column":0},"end":{"line":42,"column":16}},"42":{"start":{"line":43,"column":0},"end":{"line":43,"column":22}},"43":{"start":{"line":44,"column":0},"end":{"line":44,"column":56}},"44":{"start":{"line":45,"column":0},"end":{"line":45,"column":16}},"45":{"start":{"line":46,"column":0},"end":{"line":46,"column":21}},"46":{"start":{"line":47,"column":0},"end":{"line":47,"column":55}},"47":{"start":{"line":48,"column":0},"end":{"line":48,"column":16}},"48":{"start":{"line":49,"column":0},"end":{"line":49,"column":16}},"49":{"start":{"line":50,"column":0},"end":{"line":50,"column":47}},"50":{"start":{"line":51,"column":0},"end":{"line":51,"column":7}},"52":{"start":{"line":53,"column":0},"end":{"line":53,"column":46}},"53":{"start":{"line":54,"column":0},"end":{"line":54,"column":19}},"54":{"start":{"line":55,"column":0},"end":{"line":55,"column":73}},"55":{"start":{"line":56,"column":0},"end":{"line":56,"column":5}},"56":{"start":{"line":57,"column":0},"end":{"line":57,"column":4}},"58":{"start":{"line":59,"column":0},"end":{"line":59,"column":29}},"59":{"start":{"line":60,"column":0},"end":{"line":60,"column":16}},"60":{"start":{"line":61,"column":0},"end":{"line":61,"column":16}},"61":{"start":{"line":62,"column":0},"end":{"line":62,"column":18}},"62":{"start":{"line":63,"column":0},"end":{"line":63,"column":17}},"63":{"start":{"line":64,"column":0},"end":{"line":64,"column":4}},"65":{"start":{"line":66,"column":0},"end":{"line":66,"column":10}},"66":{"start":{"line":67,"column":0},"end":{"line":67,"column":53}},"67":{"start":{"line":68,"column":0},"end":{"line":68,"column":53}},"69":{"start":{"line":70,"column":0},"end":{"line":70,"column":35}},"70":{"start":{"line":71,"column":0},"end":{"line":71,"column":51}},"71":{"start":{"line":72,"column":0},"end":{"line":72,"column":14}},"72":{"start":{"line":73,"column":0},"end":{"line":73,"column":19}},"73":{"start":{"line":74,"column":0},"end":{"line":74,"column":34}},"74":{"start":{"line":75,"column":0},"end":{"line":75,"column":23}},"75":{"start":{"line":76,"column":0},"end":{"line":76,"column":22}},"76":{"start":{"line":77,"column":0},"end":{"line":77,"column":51}},"77":{"start":{"line":78,"column":0},"end":{"line":78,"column":42}},"78":{"start":{"line":79,"column":0},"end":{"line":79,"column":10}},"79":{"start":{"line":80,"column":0},"end":{"line":80,"column":12}},"81":{"start":{"line":82,"column":0},"end":{"line":82,"column":35}},"82":{"start":{"line":83,"column":0},"end":{"line":83,"column":53}},"83":{"start":{"line":84,"column":0},"end":{"line":84,"column":15}},"84":{"start":{"line":85,"column":0},"end":{"line":85,"column":24}},"85":{"start":{"line":86,"column":0},"end":{"line":86,"column":40}},"86":{"start":{"line":87,"column":0},"end":{"line":87,"column":27}},"87":{"start":{"line":88,"column":0},"end":{"line":88,"column":56}},"89":{"start":{"line":90,"column":0},"end":{"line":90,"column":46}},"90":{"start":{"line":91,"column":0},"end":{"line":91,"column":56}},"91":{"start":{"line":92,"column":0},"end":{"line":92,"column":56}},"92":{"start":{"line":93,"column":0},"end":{"line":93,"column":52}},"93":{"start":{"line":94,"column":0},"end":{"line":94,"column":50}},"94":{"start":{"line":95,"column":0},"end":{"line":95,"column":17}},"95":{"start":{"line":96,"column":0},"end":{"line":96,"column":12}},"97":{"start":{"line":98,"column":0},"end":{"line":98,"column":35}},"98":{"start":{"line":99,"column":0},"end":{"line":99,"column":52}},"99":{"start":{"line":100,"column":0},"end":{"line":100,"column":14}},"100":{"start":{"line":101,"column":0},"end":{"line":101,"column":19}},"101":{"start":{"line":102,"column":0},"end":{"line":102,"column":34}},"102":{"start":{"line":103,"column":0},"end":{"line":103,"column":23}},"103":{"start":{"line":104,"column":0},"end":{"line":104,"column":22}},"104":{"start":{"line":105,"column":0},"end":{"line":105,"column":51}},"105":{"start":{"line":106,"column":0},"end":{"line":106,"column":43}},"106":{"start":{"line":107,"column":0},"end":{"line":107,"column":10}},"107":{"start":{"line":108,"column":0},"end":{"line":108,"column":12}},"109":{"start":{"line":110,"column":0},"end":{"line":110,"column":36}},"110":{"start":{"line":111,"column":0},"end":{"line":111,"column":15}},"111":{"start":{"line":112,"column":0},"end":{"line":112,"column":40}},"112":{"start":{"line":113,"column":0},"end":{"line":113,"column":35}},"113":{"start":{"line":114,"column":0},"end":{"line":114,"column":35}},"114":{"start":{"line":115,"column":0},"end":{"line":115,"column":9}},"116":{"start":{"line":117,"column":0},"end":{"line":117,"column":17}},"117":{"start":{"line":118,"column":0},"end":{"line":118,"column":15}},"118":{"start":{"line":119,"column":0},"end":{"line":119,"column":36}},"119":{"start":{"line":120,"column":0},"end":{"line":120,"column":31}},"120":{"start":{"line":121,"column":0},"end":{"line":121,"column":31}},"121":{"start":{"line":122,"column":0},"end":{"line":122,"column":9}},"123":{"start":{"line":124,"column":0},"end":{"line":124,"column":17}},"124":{"start":{"line":125,"column":0},"end":{"line":125,"column":12}},"126":{"start":{"line":127,"column":0},"end":{"line":127,"column":18}},"127":{"start":{"line":128,"column":0},"end":{"line":128,"column":53}},"128":{"start":{"line":129,"column":0},"end":{"line":129,"column":26}},"129":{"start":{"line":130,"column":0},"end":{"line":130,"column":14}},"132":{"start":{"line":133,"column":0},"end":{"line":133,"column":17}},"133":{"start":{"line":134,"column":0},"end":{"line":134,"column":51}},"134":{"start":{"line":135,"column":0},"end":{"line":135,"column":24}},"135":{"start":{"line":136,"column":0},"end":{"line":136,"column":14}},"137":{"start":{"line":138,"column":0},"end":{"line":138,"column":10}},"139":{"start":{"line":140,"column":0},"end":{"line":140,"column":2}}},"s":{"0":1,"1":1,"7":1,"8":48,"9":48,"10":48,"11":48,"12":48,"13":48,"14":48,"16":48,"18":48,"19":13,"21":13,"22":13,"24":13,"25":2,"26":2,"27":2,"29":11,"30":11,"32":11,"33":13,"34":5,"35":5,"36":13,"37":1,"38":1,"39":13,"40":1,"41":1,"42":13,"43":2,"44":2,"45":13,"46":2,"47":2,"48":13,"49":0,"50":13,"52":9,"53":13,"54":2,"55":2,"56":13,"58":48,"59":1,"60":1,"61":1,"62":1,"63":1,"65":48,"66":48,"67":48,"69":48,"70":48,"71":48,"72":48,"73":48,"74":48,"75":48,"76":48,"77":48,"78":48,"79":48,"81":48,"82":48,"83":48,"84":48,"85":48,"86":48,"87":48,"89":48,"90":48,"91":48,"92":48,"93":48,"94":48,"95":48,"97":48,"98":48,"99":48,"100":48,"101":48,"102":48,"103":48,"104":48,"105":48,"106":48,"107":48,"109":48,"110":48,"111":48,"112":48,"113":48,"114":48,"116":48,"117":48,"118":48,"119":48,"120":48,"121":48,"123":48,"124":48,"126":48,"127":15,"128":15,"129":15,"132":48,"133":5,"134":5,"135":5,"137":48,"139":48},"branchMap":{"0":{"type":"branch","line":8,"loc":{"start":{"line":8,"column":71},"end":{"line":140,"column":2}},"locations":[{"start":{"line":8,"column":71},"end":{"line":140,"column":2}}]},"1":{"type":"branch","line":127,"loc":{"start":{"line":127,"column":7},"end":{"line":130,"column":14}},"locations":[{"start":{"line":127,"column":7},"end":{"line":130,"column":14}}]},"2":{"type":"branch","line":133,"loc":{"start":{"line":133,"column":7},"end":{"line":136,"column":14}},"locations":[{"start":{"line":133,"column":7},"end":{"line":136,"column":14}}]},"3":{"type":"branch","line":19,"loc":{"start":{"line":19,"column":26},"end":{"line":57,"column":4}},"locations":[{"start":{"line":19,"column":26},"end":{"line":57,"column":4}}]},"4":{"type":"branch","line":25,"loc":{"start":{"line":25,"column":16},"end":{"line":25,"column":32}},"locations":[{"start":{"line":25,"column":16},"end":{"line":25,"column":32}}]},"5":{"type":"branch","line":25,"loc":{"start":{"line":25,"column":32},"end":{"line":28,"column":5}},"locations":[{"start":{"line":25,"column":32},"end":{"line":28,"column":5}}]},"6":{"type":"branch","line":28,"loc":{"start":{"line":28,"column":4},"end":{"line":33,"column":26}},"locations":[{"start":{"line":28,"column":4},"end":{"line":33,"column":26}}]},"7":{"type":"branch","line":34,"loc":{"start":{"line":34,"column":8},"end":{"line":36,"column":16}},"locations":[{"start":{"line":34,"column":8},"end":{"line":36,"column":16}}]},"8":{"type":"branch","line":37,"loc":{"start":{"line":37,"column":8},"end":{"line":39,"column":16}},"locations":[{"start":{"line":37,"column":8},"end":{"line":39,"column":16}}]},"9":{"type":"branch","line":40,"loc":{"start":{"line":40,"column":8},"end":{"line":42,"column":16}},"locations":[{"start":{"line":40,"column":8},"end":{"line":42,"column":16}}]},"10":{"type":"branch","line":43,"loc":{"start":{"line":43,"column":8},"end":{"line":45,"column":16}},"locations":[{"start":{"line":43,"column":8},"end":{"line":45,"column":16}}]},"11":{"type":"branch","line":46,"loc":{"start":{"line":46,"column":8},"end":{"line":48,"column":16}},"locations":[{"start":{"line":46,"column":8},"end":{"line":48,"column":16}}]},"12":{"type":"branch","line":49,"loc":{"start":{"line":49,"column":8},"end":{"line":50,"column":47}},"locations":[{"start":{"line":49,"column":8},"end":{"line":50,"column":47}}]},"13":{"type":"branch","line":51,"loc":{"start":{"line":51,"column":6},"end":{"line":54,"column":13}},"locations":[{"start":{"line":51,"column":6},"end":{"line":54,"column":13}}]},"14":{"type":"branch","line":54,"loc":{"start":{"line":54,"column":4},"end":{"line":56,"column":5}},"locations":[{"start":{"line":54,"column":4},"end":{"line":56,"column":5}}]},"15":{"type":"branch","line":55,"loc":{"start":{"line":55,"column":42},"end":{"line":55,"column":71}},"locations":[{"start":{"line":55,"column":42},"end":{"line":55,"column":71}}]},"16":{"type":"branch","line":59,"loc":{"start":{"line":59,"column":22},"end":{"line":64,"column":4}},"locations":[{"start":{"line":59,"column":22},"end":{"line":64,"column":4}}]},"17":{"type":"branch","line":77,"loc":{"start":{"line":77,"column":20},"end":{"line":77,"column":51}},"locations":[{"start":{"line":77,"column":20},"end":{"line":77,"column":51}}]},"18":{"type":"branch","line":88,"loc":{"start":{"line":88,"column":20},"end":{"line":88,"column":56}},"locations":[{"start":{"line":88,"column":20},"end":{"line":88,"column":56}}]},"19":{"type":"branch","line":105,"loc":{"start":{"line":105,"column":20},"end":{"line":105,"column":51}},"locations":[{"start":{"line":105,"column":20},"end":{"line":105,"column":51}}]}},"b":{"0":[48],"1":[15],"2":[5],"3":[13],"4":[11],"5":[2],"6":[11],"7":[5],"8":[1],"9":[1],"10":[2],"11":[2],"12":[0],"13":[9],"14":[2],"15":[0],"16":[1],"17":[8],"18":[6],"19":[10]},"fnMap":{"0":{"name":"CalculatorComponent","decl":{"start":{"line":8,"column":71},"end":{"line":140,"column":2}},"loc":{"start":{"line":8,"column":71},"end":{"line":140,"column":2}},"line":8},"1":{"name":"handleCalculate","decl":{"start":{"line":19,"column":26},"end":{"line":57,"column":4}},"loc":{"start":{"line":19,"column":26},"end":{"line":57,"column":4}},"line":19},"2":{"name":"handleClear","decl":{"start":{"line":59,"column":22},"end":{"line":64,"column":4}},"loc":{"start":{"line":59,"column":22},"end":{"line":64,"column":4}},"line":59},"3":{"name":"onChange","decl":{"start":{"line":77,"column":20},"end":{"line":77,"column":51}},"loc":{"start":{"line":77,"column":20},"end":{"line":77,"column":51}},"line":77},"4":{"name":"onChange","decl":{"start":{"line":88,"column":20},"end":{"line":88,"column":56}},"loc":{"start":{"line":88,"column":20},"end":{"line":88,"column":56}},"line":88},"5":{"name":"onChange","decl":{"start":{"line":105,"column":20},"end":{"line":105,"column":51}},"loc":{"start":{"line":105,"column":20},"end":{"line":105,"column":51}},"line":105}},"f":{"0":48,"1":13,"2":1,"3":8,"4":6,"5":10}}
,"C:\\Users\\Ana Luiza\\Desktop\\vitest-app-demo\\vitest-demo\\src\\components\\TodoList.tsx": {"path":"C:\\Users\\Ana Luiza\\Desktop\\vitest-app-demo\\vitest-demo\\src\\components\\TodoList.tsx","all":false,"statementMap":{"0":{"start":{"line":1,"column":0},"end":{"line":1,"column":40}},"13":{"start":{"line":14,"column":0},"end":{"line":14,"column":51}},"14":{"start":{"line":15,"column":0},"end":{"line":15,"column":23}},"15":{"start":{"line":16,"column":0},"end":{"line":16,"column":20}},"16":{"start":{"line":17,"column":0},"end":{"line":17,"column":7}},"17":{"start":{"line":18,"column":0},"end":{"line":18,"column":59}},"18":{"start":{"line":19,"column":0},"end":{"line":19,"column":61}},"19":{"start":{"line":20,"column":0},"end":{"line":20,"column":72}},"21":{"start":{"line":22,"column":0},"end":{"line":22,"column":25}},"22":{"start":{"line":23,"column":0},"end":{"line":23,"column":36}},"23":{"start":{"line":24,"column":0},"end":{"line":24,"column":13}},"24":{"start":{"line":25,"column":0},"end":{"line":25,"column":5}},"26":{"start":{"line":27,"column":0},"end":{"line":27,"column":27}},"27":{"start":{"line":28,"column":0},"end":{"line":28,"column":17}},"28":{"start":{"line":29,"column":0},"end":{"line":29,"column":31}},"29":{"start":{"line":30,"column":0},"end":{"line":30,"column":23}},"30":{"start":{"line":31,"column":0},"end":{"line":31,"column":6}},"32":{"start":{"line":33,"column":0},"end":{"line":33,"column":34}},"33":{"start":{"line":34,"column":0},"end":{"line":34,"column":23}},"34":{"start":{"line":35,"column":0},"end":{"line":35,"column":26}},"35":{"start":{"line":36,"column":0},"end":{"line":36,"column":4}},"37":{"start":{"line":38,"column":0},"end":{"line":38,"column":38}},"38":{"start":{"line":39,"column":0},"end":{"line":39,"column":13}},"39":{"start":{"line":40,"column":0},"end":{"line":40,"column":25}},"40":{"start":{"line":41,"column":0},"end":{"line":41,"column":71}},"41":{"start":{"line":42,"column":0},"end":{"line":42,"column":7}},"42":{"start":{"line":43,"column":0},"end":{"line":43,"column":6}},"43":{"start":{"line":44,"column":0},"end":{"line":44,"column":4}},"45":{"start":{"line":46,"column":0},"end":{"line":46,"column":38}},"46":{"start":{"line":47,"column":0},"end":{"line":47,"column":53}},"47":{"start":{"line":48,"column":0},"end":{"line":48,"column":4}},"49":{"start":{"line":50,"column":0},"end":{"line":50,"column":71}},"50":{"start":{"line":51,"column":0},"end":{"line":51,"column":34}},"52":{"start":{"line":53,"column":0},"end":{"line":53,"column":10}},"53":{"start":{"line":54,"column":0},"end":{"line":54,"column":52}},"54":{"start":{"line":55,"column":0},"end":{"line":55,"column":52}},"56":{"start":{"line":57,"column":0},"end":{"line":57,"column":32}},"57":{"start":{"line":58,"column":0},"end":{"line":58,"column":14}},"58":{"start":{"line":59,"column":0},"end":{"line":59,"column":38}},"59":{"start":{"line":60,"column":0},"end":{"line":60,"column":21}},"60":{"start":{"line":61,"column":0},"end":{"line":61,"column":29}},"61":{"start":{"line":62,"column":0},"end":{"line":62,"column":58}},"62":{"start":{"line":63,"column":0},"end":{"line":63,"column":43}},"63":{"start":{"line":64,"column":0},"end":{"line":64,"column":60}},"64":{"start":{"line":65,"column":0},"end":{"line":65,"column":10}},"65":{"start":{"line":66,"column":0},"end":{"line":66,"column":15}},"66":{"start":{"line":67,"column":0},"end":{"line":67,"column":39}},"67":{"start":{"line":68,"column":0},"end":{"line":68,"column":27}},"68":{"start":{"line":69,"column":0},"end":{"line":69,"column":46}},"69":{"start":{"line":70,"column":0},"end":{"line":70,"column":9}},"71":{"start":{"line":72,"column":0},"end":{"line":72,"column":17}},"72":{"start":{"line":73,"column":0},"end":{"line":73,"column":12}},"74":{"start":{"line":75,"column":0},"end":{"line":75,"column":59}},"75":{"start":{"line":76,"column":0},"end":{"line":76,"column":23}},"76":{"start":{"line":77,"column":0},"end":{"line":77,"column":58}},"77":{"start":{"line":78,"column":0},"end":{"line":78,"column":27}},"78":{"start":{"line":79,"column":0},"end":{"line":79,"column":12}},"80":{"start":{"line":81,"column":0},"end":{"line":81,"column":29}},"81":{"start":{"line":82,"column":0},"end":{"line":82,"column":30}},"82":{"start":{"line":83,"column":0},"end":{"line":83,"column":14}},"83":{"start":{"line":84,"column":0},"end":{"line":84,"column":25}},"84":{"start":{"line":85,"column":0},"end":{"line":85,"column":48}},"85":{"start":{"line":86,"column":0},"end":{"line":86,"column":72}},"87":{"start":{"line":88,"column":0},"end":{"line":88,"column":18}},"88":{"start":{"line":89,"column":0},"end":{"line":89,"column":29}},"89":{"start":{"line":90,"column":0},"end":{"line":90,"column":54}},"90":{"start":{"line":91,"column":0},"end":{"line":91,"column":38}},"91":{"start":{"line":92,"column":0},"end":{"line":92,"column":50}},"92":{"start":{"line":93,"column":0},"end":{"line":93,"column":14}},"93":{"start":{"line":94,"column":0},"end":{"line":94,"column":77}},"94":{"start":{"line":95,"column":0},"end":{"line":95,"column":25}},"95":{"start":{"line":96,"column":0},"end":{"line":96,"column":19}},"96":{"start":{"line":97,"column":0},"end":{"line":97,"column":19}},"97":{"start":{"line":98,"column":0},"end":{"line":98,"column":52}},"98":{"start":{"line":99,"column":0},"end":{"line":99,"column":49}},"99":{"start":{"line":100,"column":0},"end":{"line":100,"column":39}},"100":{"start":{"line":101,"column":0},"end":{"line":101,"column":13}},"102":{"start":{"line":103,"column":0},"end":{"line":103,"column":21}},"103":{"start":{"line":104,"column":0},"end":{"line":104,"column":16}},"104":{"start":{"line":105,"column":0},"end":{"line":105,"column":11}},"105":{"start":{"line":106,"column":0},"end":{"line":106,"column":12}},"107":{"start":{"line":108,"column":0},"end":{"line":108,"column":30}},"108":{"start":{"line":109,"column":0},"end":{"line":109,"column":63}},"110":{"start":{"line":111,"column":0},"end":{"line":111,"column":14}},"112":{"start":{"line":113,"column":0},"end":{"line":113,"column":10}},"114":{"start":{"line":115,"column":0},"end":{"line":115,"column":2}}},"s":{"0":1,"13":1,"14":36,"15":36,"16":36,"17":36,"18":36,"19":36,"21":36,"22":7,"23":0,"24":0,"26":7,"27":7,"28":7,"29":7,"30":7,"32":7,"33":7,"34":7,"35":7,"37":36,"38":4,"39":4,"40":8,"41":4,"42":4,"43":4,"45":36,"46":5,"47":5,"49":36,"50":36,"52":36,"53":36,"54":36,"56":36,"57":36,"58":36,"59":36,"60":36,"61":36,"62":36,"63":36,"64":36,"65":36,"66":36,"67":36,"68":36,"69":36,"71":36,"72":36,"74":36,"75":36,"76":23,"77":13,"78":36,"80":36,"81":36,"82":42,"83":42,"84":42,"85":42,"87":42,"88":42,"89":42,"90":42,"91":42,"92":42,"93":42,"94":42,"95":42,"96":42,"97":42,"98":42,"99":42,"100":42,"102":42,"103":42,"104":36,"105":36,"107":36,"108":13,"110":13,"112":36,"114":36},"branchMap":{"0":{"type":"branch","line":14,"loc":{"start":{"line":14,"column":49},"end":{"line":115,"column":2}},"locations":[{"start":{"line":14,"column":49},"end":{"line":115,"column":2}}]},"1":{"type":"branch","line":76,"loc":{"start":{"line":76,"column":22},"end":{"line":77,"column":58}},"locations":[{"start":{"line":76,"column":22},"end":{"line":77,"column":58}}]},"2":{"type":"branch","line":77,"loc":{"start":{"line":77,"column":46},"end":{"line":78,"column":27}},"locations":[{"start":{"line":77,"column":46},"end":{"line":78,"column":27}}]},"3":{"type":"branch","line":108,"loc":{"start":{"line":108,"column":24},"end":{"line":111,"column":14}},"locations":[{"start":{"line":108,"column":24},"end":{"line":111,"column":14}}]},"4":{"type":"branch","line":22,"loc":{"start":{"line":22,"column":18},"end":{"line":36,"column":4}},"locations":[{"start":{"line":22,"column":18},"end":{"line":36,"column":4}}]},"5":{"type":"branch","line":23,"loc":{"start":{"line":23,"column":35},"end":{"line":25,"column":5}},"locations":[{"start":{"line":23,"column":35},"end":{"line":25,"column":5}}]},"6":{"type":"branch","line":38,"loc":{"start":{"line":38,"column":21},"end":{"line":44,"column":4}},"locations":[{"start":{"line":38,"column":21},"end":{"line":44,"column":4}}]},"7":{"type":"branch","line":40,"loc":{"start":{"line":40,"column":16},"end":{"line":41,"column":71}},"locations":[{"start":{"line":40,"column":16},"end":{"line":41,"column":71}}]},"8":{"type":"branch","line":41,"loc":{"start":{"line":41,"column":20},"end":{"line":41,"column":67}},"locations":[{"start":{"line":41,"column":20},"end":{"line":41,"column":67}}]},"9":{"type":"branch","line":41,"loc":{"start":{"line":41,"column":63},"end":{"line":41,"column":71}},"locations":[{"start":{"line":41,"column":63},"end":{"line":41,"column":71}}]},"10":{"type":"branch","line":46,"loc":{"start":{"line":46,"column":21},"end":{"line":48,"column":4}},"locations":[{"start":{"line":46,"column":21},"end":{"line":48,"column":4}}]},"11":{"type":"branch","line":47,"loc":{"start":{"line":47,"column":26},"end":{"line":47,"column":50}},"locations":[{"start":{"line":47,"column":26},"end":{"line":47,"column":50}}]},"12":{"type":"branch","line":50,"loc":{"start":{"line":50,"column":38},"end":{"line":50,"column":62}},"locations":[{"start":{"line":50,"column":38},"end":{"line":50,"column":62}}]},"13":{"type":"branch","line":62,"loc":{"start":{"line":62,"column":20},"end":{"line":62,"column":58}},"locations":[{"start":{"line":62,"column":20},"end":{"line":62,"column":58}}]},"14":{"type":"branch","line":64,"loc":{"start":{"line":64,"column":22},"end":{"line":64,"column":60}},"locations":[{"start":{"line":64,"column":22},"end":{"line":64,"column":60}}]},"15":{"type":"branch","line":82,"loc":{"start":{"line":82,"column":19},"end":{"line":104,"column":16}},"locations":[{"start":{"line":82,"column":19},"end":{"line":104,"column":16}}]},"16":{"type":"branch","line":86,"loc":{"start":{"line":86,"column":41},"end":{"line":86,"column":67}},"locations":[{"start":{"line":86,"column":41},"end":{"line":86,"column":67}}]},"17":{"type":"branch","line":86,"loc":{"start":{"line":86,"column":53},"end":{"line":86,"column":69}},"locations":[{"start":{"line":86,"column":53},"end":{"line":86,"column":69}}]},"18":{"type":"branch","line":92,"loc":{"start":{"line":92,"column":24},"end":{"line":92,"column":50}},"locations":[{"start":{"line":92,"column":24},"end":{"line":92,"column":50}}]},"19":{"type":"branch","line":99,"loc":{"start":{"line":99,"column":23},"end":{"line":99,"column":49}},"locations":[{"start":{"line":99,"column":23},"end":{"line":99,"column":49}}]}},"b":{"0":[36],"1":[23],"2":[13],"3":[13],"4":[7],"5":[0],"6":[4],"7":[8],"8":[4],"9":[4],"10":[5],"11":[12],"12":[42],"13":[8],"14":[1],"15":[42],"16":[14],"17":[28],"18":[4],"19":[5]},"fnMap":{"0":{"name":"TodoList","decl":{"start":{"line":14,"column":49},"end":{"line":115,"column":2}},"loc":{"start":{"line":14,"column":49},"end":{"line":115,"column":2}},"line":14},"1":{"name":"addTodo","decl":{"start":{"line":22,"column":18},"end":{"line":36,"column":4}},"loc":{"start":{"line":22,"column":18},"end":{"line":36,"column":4}},"line":22},"2":{"name":"toggleTodo","decl":{"start":{"line":38,"column":21},"end":{"line":44,"column":4}},"loc":{"start":{"line":38,"column":21},"end":{"line":44,"column":4}},"line":38},"3":{"name":"deleteTodo","decl":{"start":{"line":46,"column":21},"end":{"line":48,"column":4}},"loc":{"start":{"line":46,"column":21},"end":{"line":48,"column":4}},"line":46},"4":{"name":"onChange","decl":{"start":{"line":62,"column":20},"end":{"line":62,"column":58}},"loc":{"start":{"line":62,"column":20},"end":{"line":62,"column":58}},"line":62},"5":{"name":"onKeyPress","decl":{"start":{"line":64,"column":22},"end":{"line":64,"column":60}},"loc":{"start":{"line":64,"column":22},"end":{"line":64,"column":60}},"line":64},"6":{"name":"onChange","decl":{"start":{"line":92,"column":24},"end":{"line":92,"column":50}},"loc":{"start":{"line":92,"column":24},"end":{"line":92,"column":50}},"line":92},"7":{"name":"onClick","decl":{"start":{"line":99,"column":23},"end":{"line":99,"column":49}},"loc":{"start":{"line":99,"column":23},"end":{"line":99,"column":49}},"line":99}},"f":{"0":36,"1":7,"2":4,"3":5,"4":8,"5":1,"6":4,"7":5}}
,"C:\\Users\\Ana Luiza\\Desktop\\vitest-app-demo\\vitest-demo\\src\\components\\UserList.tsx": {"path":"C:\\Users\\Ana Luiza\\Desktop\\vitest-app-demo\\vitest-demo\\src\\components\\UserList.tsx","all":false,"statementMap":{"0":{"start":{"line":1,"column":0},"end":{"line":1,"column":73}},"1":{"start":{"line":2,"column":0},"end":{"line":2,"column":52}},"9":{"start":{"line":10,"column":0},"end":{"line":10,"column":51}},"10":{"start":{"line":11,"column":0},"end":{"line":11,"column":33}},"11":{"start":{"line":12,"column":0},"end":{"line":12,"column":23}},"12":{"start":{"line":13,"column":0},"end":{"line":13,"column":7}},"14":{"start":{"line":15,"column":0},"end":{"line":15,"column":29}},"15":{"start":{"line":16,"column":0},"end":{"line":16,"column":49}},"16":{"start":{"line":17,"column":0},"end":{"line":17,"column":24}},"17":{"start":{"line":18,"column":0},"end":{"line":18,"column":4}},"18":{"start":{"line":19,"column":0},"end":{"line":19,"column":49}},"19":{"start":{"line":20,"column":0},"end":{"line":20,"column":70}},"20":{"start":{"line":21,"column":0},"end":{"line":21,"column":57}},"21":{"start":{"line":22,"column":0},"end":{"line":22,"column":57}},"22":{"start":{"line":23,"column":0},"end":{"line":23,"column":49}},"24":{"start":{"line":25,"column":0},"end":{"line":25,"column":45}},"25":{"start":{"line":26,"column":0},"end":{"line":26,"column":21}},"26":{"start":{"line":27,"column":0},"end":{"line":27,"column":17}},"28":{"start":{"line":29,"column":0},"end":{"line":29,"column":9}},"29":{"start":{"line":30,"column":0},"end":{"line":30,"column":52}},"30":{"start":{"line":31,"column":0},"end":{"line":31,"column":26}},"31":{"start":{"line":32,"column":0},"end":{"line":32,"column":19}},"32":{"start":{"line":33,"column":0},"end":{"line":33,"column":76}},"33":{"start":{"line":34,"column":0},"end":{"line":34,"column":15}},"34":{"start":{"line":35,"column":0},"end":{"line":35,"column":24}},"35":{"start":{"line":36,"column":0},"end":{"line":36,"column":5}},"36":{"start":{"line":37,"column":0},"end":{"line":37,"column":19}},"38":{"start":{"line":39,"column":0},"end":{"line":39,"column":19}},"39":{"start":{"line":40,"column":0},"end":{"line":40,"column":16}},"40":{"start":{"line":41,"column":0},"end":{"line":41,"column":18}},"42":{"start":{"line":43,"column":0},"end":{"line":43,"column":50}},"43":{"start":{"line":44,"column":0},"end":{"line":44,"column":26}},"44":{"start":{"line":45,"column":0},"end":{"line":45,"column":21}},"45":{"start":{"line":46,"column":0},"end":{"line":46,"column":17}},"47":{"start":{"line":48,"column":0},"end":{"line":48,"column":9}},"48":{"start":{"line":49,"column":0},"end":{"line":49,"column":59}},"49":{"start":{"line":50,"column":0},"end":{"line":50,"column":26}},"50":{"start":{"line":51,"column":0},"end":{"line":51,"column":19}},"51":{"start":{"line":52,"column":0},"end":{"line":52,"column":15}},"52":{"start":{"line":53,"column":0},"end":{"line":53,"column":72}},"53":{"start":{"line":54,"column":0},"end":{"line":54,"column":8}},"54":{"start":{"line":55,"column":0},"end":{"line":55,"column":15}},"55":{"start":{"line":56,"column":0},"end":{"line":56,"column":24}},"56":{"start":{"line":57,"column":0},"end":{"line":57,"column":5}},"57":{"start":{"line":58,"column":0},"end":{"line":58,"column":4}},"59":{"start":{"line":60,"column":0},"end":{"line":60,"column":10}},"60":{"start":{"line":61,"column":0},"end":{"line":61,"column":52}},"61":{"start":{"line":62,"column":0},"end":{"line":62,"column":36}},"62":{"start":{"line":63,"column":0},"end":{"line":63,"column":28}},"63":{"start":{"line":64,"column":0},"end":{"line":64,"column":43}},"66":{"start":{"line":67,"column":0},"end":{"line":67,"column":14}},"67":{"start":{"line":68,"column":0},"end":{"line":68,"column":16}},"68":{"start":{"line":69,"column":0},"end":{"line":69,"column":74}},"70":{"start":{"line":71,"column":0},"end":{"line":71,"column":17}},"71":{"start":{"line":72,"column":0},"end":{"line":72,"column":16}},"72":{"start":{"line":73,"column":0},"end":{"line":73,"column":73}},"74":{"start":{"line":75,"column":0},"end":{"line":75,"column":17}},"75":{"start":{"line":76,"column":0},"end":{"line":76,"column":16}},"76":{"start":{"line":77,"column":0},"end":{"line":77,"column":74}},"77":{"start":{"line":78,"column":0},"end":{"line":78,"column":17}},"78":{"start":{"line":79,"column":0},"end":{"line":79,"column":16}},"79":{"start":{"line":80,"column":0},"end":{"line":80,"column":71}},"81":{"start":{"line":82,"column":0},"end":{"line":82,"column":17}},"82":{"start":{"line":83,"column":0},"end":{"line":83,"column":15}},"83":{"start":{"line":84,"column":0},"end":{"line":84,"column":14}},"84":{"start":{"line":85,"column":0},"end":{"line":85,"column":12}},"86":{"start":{"line":87,"column":0},"end":{"line":87,"column":62}},"87":{"start":{"line":88,"column":0},"end":{"line":88,"column":17}},"88":{"start":{"line":89,"column":0},"end":{"line":89,"column":51}},"89":{"start":{"line":90,"column":0},"end":{"line":90,"column":24}},"90":{"start":{"line":91,"column":0},"end":{"line":91,"column":14}},"93":{"start":{"line":94,"column":0},"end":{"line":94,"column":39}},"94":{"start":{"line":95,"column":0},"end":{"line":95,"column":31}},"95":{"start":{"line":96,"column":0},"end":{"line":96,"column":28}},"96":{"start":{"line":97,"column":0},"end":{"line":97,"column":32}},"97":{"start":{"line":98,"column":0},"end":{"line":98,"column":16}},"98":{"start":{"line":99,"column":0},"end":{"line":99,"column":27}},"99":{"start":{"line":100,"column":0},"end":{"line":100,"column":50}},"100":{"start":{"line":101,"column":0},"end":{"line":101,"column":38}},"101":{"start":{"line":102,"column":0},"end":{"line":102,"column":62}},"102":{"start":{"line":103,"column":0},"end":{"line":103,"column":17}},"103":{"start":{"line":104,"column":0},"end":{"line":104,"column":52}},"105":{"start":{"line":106,"column":0},"end":{"line":106,"column":42}},"106":{"start":{"line":107,"column":0},"end":{"line":107,"column":41}},"107":{"start":{"line":108,"column":0},"end":{"line":108,"column":37}},"108":{"start":{"line":109,"column":0},"end":{"line":109,"column":18}},"109":{"start":{"line":110,"column":0},"end":{"line":110,"column":13}},"110":{"start":{"line":111,"column":0},"end":{"line":111,"column":14}},"112":{"start":{"line":113,"column":0},"end":{"line":113,"column":26}},"113":{"start":{"line":114,"column":0},"end":{"line":114,"column":40}},"114":{"start":{"line":115,"column":0},"end":{"line":115,"column":49}},"115":{"start":{"line":116,"column":0},"end":{"line":116,"column":42}},"116":{"start":{"line":117,"column":0},"end":{"line":117,"column":54}},"117":{"start":{"line":118,"column":0},"end":{"line":118,"column":68}},"119":{"start":{"line":120,"column":0},"end":{"line":120,"column":22}},"121":{"start":{"line":122,"column":0},"end":{"line":122,"column":40}},"122":{"start":{"line":123,"column":0},"end":{"line":123,"column":20}},"123":{"start":{"line":124,"column":0},"end":{"line":124,"column":31}},"124":{"start":{"line":125,"column":0},"end":{"line":125,"column":49}},"125":{"start":{"line":126,"column":0},"end":{"line":126,"column":39}},"127":{"start":{"line":128,"column":0},"end":{"line":128,"column":39}},"128":{"start":{"line":129,"column":0},"end":{"line":129,"column":36}},"129":{"start":{"line":130,"column":0},"end":{"line":130,"column":22}},"130":{"start":{"line":131,"column":0},"end":{"line":131,"column":17}},"131":{"start":{"line":132,"column":0},"end":{"line":132,"column":18}},"132":{"start":{"line":133,"column":0},"end":{"line":133,"column":16}},"134":{"start":{"line":135,"column":0},"end":{"line":135,"column":12}},"136":{"start":{"line":137,"column":0},"end":{"line":137,"column":13}},"137":{"start":{"line":138,"column":0},"end":{"line":138,"column":36}},"138":{"start":{"line":139,"column":0},"end":{"line":139,"column":27}},"139":{"start":{"line":140,"column":0},"end":{"line":140,"column":26}},"140":{"start":{"line":141,"column":0},"end":{"line":141,"column":7}},"142":{"start":{"line":143,"column":0},"end":{"line":143,"column":15}},"143":{"start":{"line":144,"column":0},"end":{"line":144,"column":10}},"145":{"start":{"line":146,"column":0},"end":{"line":146,"column":2}}},"s":{"0":1,"1":1,"9":1,"10":49,"11":49,"12":49,"14":49,"15":49,"16":49,"17":49,"18":49,"19":49,"20":49,"21":49,"22":49,"24":49,"25":13,"26":13,"28":13,"29":13,"30":11,"31":13,"32":2,"33":13,"34":13,"35":13,"36":49,"38":49,"39":11,"40":49,"42":49,"43":6,"44":6,"45":6,"47":6,"48":6,"49":5,"50":6,"51":1,"52":1,"53":1,"54":6,"55":6,"56":6,"57":6,"59":49,"60":49,"61":49,"62":49,"63":49,"66":49,"67":49,"68":49,"70":49,"71":49,"72":49,"74":49,"75":49,"76":49,"77":49,"78":49,"79":49,"81":49,"82":49,"83":49,"84":49,"86":49,"87":49,"88":3,"89":3,"90":3,"93":49,"94":49,"95":49,"96":49,"97":38,"98":38,"99":38,"100":38,"101":38,"102":38,"103":38,"105":38,"106":38,"107":38,"108":38,"109":49,"110":49,"112":49,"113":12,"114":12,"115":12,"116":12,"117":3,"119":3,"121":12,"122":5,"123":5,"124":5,"125":5,"127":5,"128":5,"129":5,"130":12,"131":12,"132":12,"134":49,"136":49,"137":49,"138":49,"139":49,"140":49,"142":49,"143":49,"145":49},"branchMap":{"0":{"type":"branch","line":10,"loc":{"start":{"line":10,"column":49},"end":{"line":146,"column":2}},"locations":[{"start":{"line":10,"column":49},"end":{"line":146,"column":2}}]},"1":{"type":"branch","line":87,"loc":{"start":{"line":87,"column":7},"end":{"line":87,"column":62}},"locations":[{"start":{"line":87,"column":7},"end":{"line":87,"column":62}}]},"2":{"type":"branch","line":88,"loc":{"start":{"line":88,"column":7},"end":{"line":91,"column":14}},"locations":[{"start":{"line":88,"column":7},"end":{"line":91,"column":14}}]},"3":{"type":"branch","line":113,"loc":{"start":{"line":113,"column":9},"end":{"line":133,"column":16}},"locations":[{"start":{"line":113,"column":9},"end":{"line":133,"column":16}}]},"4":{"type":"branch","line":117,"loc":{"start":{"line":117,"column":36},"end":{"line":117,"column":54}},"locations":[{"start":{"line":117,"column":36},"end":{"line":117,"column":54}}]},"5":{"type":"branch","line":117,"loc":{"start":{"line":117,"column":42},"end":{"line":120,"column":22}},"locations":[{"start":{"line":117,"column":42},"end":{"line":120,"column":22}}]},"6":{"type":"branch","line":16,"loc":{"start":{"line":16,"column":4},"end":{"line":16,"column":49}},"locations":[{"start":{"line":16,"column":4},"end":{"line":16,"column":49}}]},"7":{"type":"branch","line":16,"loc":{"start":{"line":16,"column":10},"end":{"line":16,"column":49}},"locations":[{"start":{"line":16,"column":10},"end":{"line":16,"column":49}}]},"8":{"type":"branch","line":25,"loc":{"start":{"line":25,"column":32},"end":{"line":37,"column":5}},"locations":[{"start":{"line":25,"column":32},"end":{"line":37,"column":5}}]},"9":{"type":"branch","line":30,"loc":{"start":{"line":30,"column":50},"end":{"line":32,"column":13}},"locations":[{"start":{"line":30,"column":50},"end":{"line":32,"column":13}}]},"10":{"type":"branch","line":32,"loc":{"start":{"line":32,"column":4},"end":{"line":34,"column":6}},"locations":[{"start":{"line":32,"column":4},"end":{"line":34,"column":6}}]},"11":{"type":"branch","line":33,"loc":{"start":{"line":33,"column":42},"end":{"line":33,"column":74}},"locations":[{"start":{"line":33,"column":42},"end":{"line":33,"column":74}}]},"12":{"type":"branch","line":39,"loc":{"start":{"line":39,"column":12},"end":{"line":41,"column":5}},"locations":[{"start":{"line":39,"column":12},"end":{"line":41,"column":5}}]},"13":{"type":"branch","line":43,"loc":{"start":{"line":43,"column":27},"end":{"line":58,"column":4}},"locations":[{"start":{"line":43,"column":27},"end":{"line":58,"column":4}}]},"14":{"type":"branch","line":49,"loc":{"start":{"line":49,"column":57},"end":{"line":51,"column":13}},"locations":[{"start":{"line":49,"column":57},"end":{"line":51,"column":13}}]},"15":{"type":"branch","line":51,"loc":{"start":{"line":51,"column":4},"end":{"line":55,"column":6}},"locations":[{"start":{"line":51,"column":4},"end":{"line":55,"column":6}}]},"16":{"type":"branch","line":53,"loc":{"start":{"line":53,"column":35},"end":{"line":53,"column":72}},"locations":[{"start":{"line":53,"column":35},"end":{"line":53,"column":72}}]},"17":{"type":"branch","line":97,"loc":{"start":{"line":97,"column":21},"end":{"line":109,"column":18}},"locations":[{"start":{"line":97,"column":21},"end":{"line":109,"column":18}}]},"18":{"type":"branch","line":102,"loc":{"start":{"line":102,"column":16},"end":{"line":102,"column":37}},"locations":[{"start":{"line":102,"column":16},"end":{"line":102,"column":37}}]},"19":{"type":"branch","line":102,"loc":{"start":{"line":102,"column":42},"end":{"line":102,"column":60}},"locations":[{"start":{"line":102,"column":42},"end":{"line":102,"column":60}}]},"20":{"type":"branch","line":102,"loc":{"start":{"line":102,"column":47},"end":{"line":102,"column":62}},"locations":[{"start":{"line":102,"column":47},"end":{"line":102,"column":62}}]},"21":{"type":"branch","line":104,"loc":{"start":{"line":104,"column":23},"end":{"line":104,"column":52}},"locations":[{"start":{"line":104,"column":23},"end":{"line":104,"column":52}}]},"22":{"type":"branch","line":122,"loc":{"start":{"line":122,"column":29},"end":{"line":130,"column":22}},"locations":[{"start":{"line":122,"column":29},"end":{"line":130,"column":22}}]}},"b":{"0":[49],"1":[19],"2":[3],"3":[12],"4":[8],"5":[3],"6":[11],"7":[0],"8":[13],"9":[11],"10":[2],"11":[0],"12":[11],"13":[6],"14":[5],"15":[1],"16":[0],"17":[38],"18":[22],"19":[12],"20":[26],"21":[6],"22":[5]},"fnMap":{"0":{"name":"UserList","decl":{"start":{"line":10,"column":49},"end":{"line":146,"column":2}},"loc":{"start":{"line":10,"column":49},"end":{"line":146,"column":2}},"line":10},"1":{"name":"handleUserSelect","decl":{"start":{"line":43,"column":27},"end":{"line":58,"column":4}},"loc":{"start":{"line":43,"column":27},"end":{"line":58,"column":4}},"line":43},"2":{"name":"onClick","decl":{"start":{"line":104,"column":23},"end":{"line":104,"column":52}},"loc":{"start":{"line":104,"column":23},"end":{"line":104,"column":52}},"line":104}},"f":{"0":49,"1":6,"2":6}}
,"C:\\Users\\Ana Luiza\\Desktop\\vitest-app-demo\\vitest-demo\\src\\services\\apiService.ts": {"path":"C:\\Users\\Ana Luiza\\Desktop\\vitest-app-demo\\vitest-demo\\src\\services\\apiService.ts","all":false,"statementMap":{"14":{"start":{"line":15,"column":0},"end":{"line":15,"column":25}},"15":{"start":{"line":16,"column":0},"end":{"line":16,"column":59}},"17":{"start":{"line":18,"column":0},"end":{"line":18,"column":37}},"18":{"start":{"line":19,"column":0},"end":{"line":19,"column":58}},"19":{"start":{"line":20,"column":0},"end":{"line":20,"column":23}},"20":{"start":{"line":21,"column":0},"end":{"line":21,"column":64}},"21":{"start":{"line":22,"column":0},"end":{"line":22,"column":5}},"22":{"start":{"line":23,"column":0},"end":{"line":23,"column":27}},"23":{"start":{"line":24,"column":0},"end":{"line":24,"column":3}},"25":{"start":{"line":26,"column":0},"end":{"line":26,"column":44}},"26":{"start":{"line":27,"column":0},"end":{"line":27,"column":64}},"27":{"start":{"line":28,"column":0},"end":{"line":28,"column":23}},"28":{"start":{"line":29,"column":0},"end":{"line":29,"column":64}},"29":{"start":{"line":30,"column":0},"end":{"line":30,"column":5}},"30":{"start":{"line":31,"column":0},"end":{"line":31,"column":27}},"31":{"start":{"line":32,"column":0},"end":{"line":32,"column":3}},"33":{"start":{"line":34,"column":0},"end":{"line":34,"column":55}},"34":{"start":{"line":35,"column":0},"end":{"line":35,"column":75}},"35":{"start":{"line":36,"column":0},"end":{"line":36,"column":23}},"36":{"start":{"line":37,"column":0},"end":{"line":37,"column":64}},"37":{"start":{"line":38,"column":0},"end":{"line":38,"column":5}},"38":{"start":{"line":39,"column":0},"end":{"line":39,"column":27}},"39":{"start":{"line":40,"column":0},"end":{"line":40,"column":3}},"41":{"start":{"line":42,"column":0},"end":{"line":42,"column":59}},"42":{"start":{"line":43,"column":0},"end":{"line":43,"column":59}},"43":{"start":{"line":44,"column":0},"end":{"line":44,"column":21}},"44":{"start":{"line":45,"column":0},"end":{"line":45,"column":16}},"45":{"start":{"line":46,"column":0},"end":{"line":46,"column":43}},"46":{"start":{"line":47,"column":0},"end":{"line":47,"column":8}},"47":{"start":{"line":48,"column":0},"end":{"line":48,"column":33}},"48":{"start":{"line":49,"column":0},"end":{"line":49,"column":7}},"50":{"start":{"line":51,"column":0},"end":{"line":51,"column":23}},"51":{"start":{"line":52,"column":0},"end":{"line":52,"column":64}},"52":{"start":{"line":53,"column":0},"end":{"line":53,"column":5}},"54":{"start":{"line":55,"column":0},"end":{"line":55,"column":27}},"55":{"start":{"line":56,"column":0},"end":{"line":56,"column":3}},"56":{"start":{"line":57,"column":0},"end":{"line":57,"column":1}}},"s":{"14":1,"15":13,"17":13,"18":6,"19":6,"20":1,"21":1,"22":3,"23":6,"25":13,"26":4,"27":4,"28":1,"29":1,"30":3,"31":4,"33":13,"34":2,"35":2,"36":0,"37":0,"38":2,"39":2,"41":13,"42":2,"43":2,"44":2,"45":2,"46":2,"47":2,"48":2,"50":2,"51":1,"52":1,"54":1,"55":2,"56":13},"branchMap":{"0":{"type":"branch","line":15,"loc":{"start":{"line":15,"column":7},"end":{"line":57,"column":1}},"locations":[{"start":{"line":15,"column":7},"end":{"line":57,"column":1}}]},"1":{"type":"branch","line":18,"loc":{"start":{"line":18,"column":2},"end":{"line":24,"column":3}},"locations":[{"start":{"line":18,"column":2},"end":{"line":24,"column":3}}]},"2":{"type":"branch","line":19,"loc":{"start":{"line":19,"column":56},"end":{"line":20,"column":22}},"locations":[{"start":{"line":19,"column":56},"end":{"line":20,"column":22}}]},"3":{"type":"branch","line":20,"loc":{"start":{"line":20,"column":22},"end":{"line":22,"column":5}},"locations":[{"start":{"line":20,"column":22},"end":{"line":22,"column":5}}]},"4":{"type":"branch","line":22,"loc":{"start":{"line":22,"column":4},"end":{"line":23,"column":27}},"locations":[{"start":{"line":22,"column":4},"end":{"line":23,"column":27}}]},"5":{"type":"branch","line":26,"loc":{"start":{"line":26,"column":2},"end":{"line":32,"column":3}},"locations":[{"start":{"line":26,"column":2},"end":{"line":32,"column":3}}]},"6":{"type":"branch","line":28,"loc":{"start":{"line":28,"column":22},"end":{"line":30,"column":5}},"locations":[{"start":{"line":28,"column":22},"end":{"line":30,"column":5}}]},"7":{"type":"branch","line":30,"loc":{"start":{"line":30,"column":4},"end":{"line":31,"column":27}},"locations":[{"start":{"line":30,"column":4},"end":{"line":31,"column":27}}]},"8":{"type":"branch","line":34,"loc":{"start":{"line":34,"column":2},"end":{"line":40,"column":3}},"locations":[{"start":{"line":34,"column":2},"end":{"line":40,"column":3}}]},"9":{"type":"branch","line":36,"loc":{"start":{"line":36,"column":22},"end":{"line":38,"column":5}},"locations":[{"start":{"line":36,"column":22},"end":{"line":38,"column":5}}]},"10":{"type":"branch","line":42,"loc":{"start":{"line":42,"column":2},"end":{"line":56,"column":3}},"locations":[{"start":{"line":42,"column":2},"end":{"line":56,"column":3}}]},"11":{"type":"branch","line":51,"loc":{"start":{"line":51,"column":22},"end":{"line":55,"column":27}},"locations":[{"start":{"line":51,"column":22},"end":{"line":55,"column":27}}]}},"b":{"0":[13],"1":[6],"2":[4],"3":[1],"4":[3],"5":[4],"6":[1],"7":[3],"8":[2],"9":[0],"10":[2],"11":[1]},"fnMap":{"0":{"name":"<instance_members_initializer>","decl":{"start":{"line":15,"column":7},"end":{"line":57,"column":1}},"loc":{"start":{"line":15,"column":7},"end":{"line":57,"column":1}},"line":15},"1":{"name":"getUsers","decl":{"start":{"line":18,"column":2},"end":{"line":24,"column":3}},"loc":{"start":{"line":18,"column":2},"end":{"line":24,"column":3}},"line":18},"2":{"name":"getUser","decl":{"start":{"line":26,"column":2},"end":{"line":32,"column":3}},"loc":{"start":{"line":26,"column":2},"end":{"line":32,"column":3}},"line":26},"3":{"name":"getUserPosts","decl":{"start":{"line":34,"column":2},"end":{"line":40,"column":3}},"loc":{"start":{"line":34,"column":2},"end":{"line":40,"column":3}},"line":34},"4":{"name":"createPost","decl":{"start":{"line":42,"column":2},"end":{"line":56,"column":3}},"loc":{"start":{"line":42,"column":2},"end":{"line":56,"column":3}},"line":42}},"f":{"0":13,"1":6,"2":4,"3":2,"4":2}}
,"C:\\Users\\Ana Luiza\\Desktop\\vitest-app-demo\\vitest-demo\\src\\utils\\index.ts": {"path":"C:\\Users\\Ana Luiza\\Desktop\\vitest-app-demo\\vitest-demo\\src\\utils\\index.ts","all":false,"statementMap":{"1":{"start":{"line":2,"column":0},"end":{"line":2,"column":30}},"2":{"start":{"line":3,"column":0},"end":{"line":3,"column":10}},"3":{"start":{"line":4,"column":0},"end":{"line":4,"column":49}},"4":{"start":{"line":5,"column":0},"end":{"line":5,"column":54}},"5":{"start":{"line":6,"column":0},"end":{"line":6,"column":54}},"6":{"start":{"line":7,"column":0},"end":{"line":7,"column":47}},"7":{"start":{"line":8,"column":0},"end":{"line":8,"column":20}},"8":{"start":{"line":9,"column":0},"end":{"line":9,"column":59}},"9":{"start":{"line":10,"column":0},"end":{"line":10,"column":7}},"10":{"start":{"line":11,"column":0},"end":{"line":11,"column":19}},"11":{"start":{"line":12,"column":0},"end":{"line":12,"column":6}},"12":{"start":{"line":13,"column":0},"end":{"line":13,"column":56}},"13":{"start":{"line":14,"column":0},"end":{"line":14,"column":25}},"14":{"start":{"line":15,"column":0},"end":{"line":15,"column":60}},"15":{"start":{"line":16,"column":0},"end":{"line":16,"column":7}},"16":{"start":{"line":17,"column":0},"end":{"line":17,"column":38}},"17":{"start":{"line":18,"column":0},"end":{"line":18,"column":6}},"18":{"start":{"line":19,"column":0},"end":{"line":19,"column":4}},"19":{"start":{"line":20,"column":0},"end":{"line":20,"column":1}},"22":{"start":{"line":23,"column":0},"end":{"line":23,"column":30}},"23":{"start":{"line":24,"column":0},"end":{"line":24,"column":41}},"24":{"start":{"line":25,"column":0},"end":{"line":25,"column":42}},"26":{"start":{"line":27,"column":0},"end":{"line":27,"column":79}},"27":{"start":{"line":28,"column":0},"end":{"line":28,"column":32}},"30":{"start":{"line":31,"column":0},"end":{"line":31,"column":41}},"31":{"start":{"line":32,"column":0},"end":{"line":32,"column":37}},"32":{"start":{"line":33,"column":0},"end":{"line":33,"column":5}},"34":{"start":{"line":35,"column":0},"end":{"line":35,"column":41}},"35":{"start":{"line":36,"column":0},"end":{"line":36,"column":36}},"36":{"start":{"line":37,"column":0},"end":{"line":37,"column":5}},"39":{"start":{"line":40,"column":0},"end":{"line":40,"column":52}},"40":{"start":{"line":41,"column":0},"end":{"line":41,"column":34}},"41":{"start":{"line":42,"column":0},"end":{"line":42,"column":42}},"42":{"start":{"line":43,"column":0},"end":{"line":43,"column":5}},"45":{"start":{"line":46,"column":0},"end":{"line":46,"column":54}},"46":{"start":{"line":47,"column":0},"end":{"line":47,"column":39}},"47":{"start":{"line":48,"column":0},"end":{"line":48,"column":68}},"48":{"start":{"line":49,"column":0},"end":{"line":49,"column":40}},"49":{"start":{"line":50,"column":0},"end":{"line":50,"column":5}},"51":{"start":{"line":52,"column":0},"end":{"line":52,"column":12}},"52":{"start":{"line":53,"column":0},"end":{"line":53,"column":35}},"53":{"start":{"line":54,"column":0},"end":{"line":54,"column":13}},"54":{"start":{"line":55,"column":0},"end":{"line":55,"column":6}},"55":{"start":{"line":56,"column":0},"end":{"line":56,"column":3}},"56":{"start":{"line":57,"column":0},"end":{"line":57,"column":1}},"59":{"start":{"line":60,"column":0},"end":{"line":60,"column":26}},"60":{"start":{"line":61,"column":0},"end":{"line":61,"column":24}},"65":{"start":{"line":66,"column":0},"end":{"line":66,"column":10}},"66":{"start":{"line":67,"column":0},"end":{"line":67,"column":21}},"68":{"start":{"line":69,"column":0},"end":{"line":69,"column":51}},"70":{"start":{"line":71,"column":0},"end":{"line":71,"column":60}},"71":{"start":{"line":72,"column":0},"end":{"line":72,"column":30}},"72":{"start":{"line":73,"column":0},"end":{"line":73,"column":72}},"73":{"start":{"line":74,"column":0},"end":{"line":74,"column":5}},"76":{"start":{"line":77,"column":0},"end":{"line":77,"column":18}},"77":{"start":{"line":78,"column":0},"end":{"line":78,"column":24}},"78":{"start":{"line":79,"column":0},"end":{"line":79,"column":24}},"79":{"start":{"line":80,"column":0},"end":{"line":80,"column":33}},"80":{"start":{"line":81,"column":0},"end":{"line":81,"column":19}},"81":{"start":{"line":82,"column":0},"end":{"line":82,"column":6}},"83":{"start":{"line":84,"column":0},"end":{"line":84,"column":26}},"84":{"start":{"line":85,"column":0},"end":{"line":85,"column":19}},"85":{"start":{"line":86,"column":0},"end":{"line":86,"column":3}},"87":{"start":{"line":88,"column":0},"end":{"line":88,"column":23}},"88":{"start":{"line":89,"column":0},"end":{"line":89,"column":53}},"89":{"start":{"line":90,"column":0},"end":{"line":90,"column":3}},"91":{"start":{"line":92,"column":0},"end":{"line":92,"column":17}},"92":{"start":{"line":93,"column":0},"end":{"line":93,"column":27}},"93":{"start":{"line":94,"column":0},"end":{"line":94,"column":3}},"95":{"start":{"line":96,"column":0},"end":{"line":96,"column":39}},"96":{"start":{"line":97,"column":0},"end":{"line":97,"column":59}},"97":{"start":{"line":98,"column":0},"end":{"line":98,"column":15}},"98":{"start":{"line":99,"column":0},"end":{"line":99,"column":26}},"99":{"start":{"line":100,"column":0},"end":{"line":100,"column":18}},"100":{"start":{"line":101,"column":0},"end":{"line":101,"column":5}},"101":{"start":{"line":102,"column":0},"end":{"line":102,"column":17}},"102":{"start":{"line":103,"column":0},"end":{"line":103,"column":3}},"103":{"start":{"line":104,"column":0},"end":{"line":104,"column":1}}},"s":{"1":1,"2":64,"3":64,"4":64,"5":64,"6":64,"7":6,"8":2,"9":2,"10":4,"11":6,"12":64,"13":8,"14":2,"15":2,"16":6,"17":8,"18":64,"19":64,"22":1,"23":1,"24":1,"26":1,"27":38,"30":38,"31":3,"32":3,"34":38,"35":1,"36":1,"39":38,"40":38,"41":12,"42":12,"45":38,"46":38,"47":38,"48":5,"49":5,"51":38,"52":38,"53":38,"54":38,"55":38,"56":1,"59":1,"60":17,"65":17,"66":17,"68":17,"70":18,"71":18,"72":3,"73":3,"76":15,"77":15,"78":15,"79":15,"80":15,"81":15,"83":15,"84":15,"85":18,"87":17,"88":11,"89":11,"91":17,"92":6,"93":6,"95":17,"96":4,"97":4,"98":3,"99":3,"100":3,"101":1,"102":4,"103":17},"branchMap":{"0":{"type":"branch","line":2,"loc":{"start":{"line":2,"column":7},"end":{"line":20,"column":1}},"locations":[{"start":{"line":2,"column":7},"end":{"line":20,"column":1}}]},"1":{"type":"branch","line":4,"loc":{"start":{"line":4,"column":9},"end":{"line":4,"column":49}},"locations":[{"start":{"line":4,"column":9},"end":{"line":4,"column":49}}]},"2":{"type":"branch","line":5,"loc":{"start":{"line":5,"column":14},"end":{"line":5,"column":54}},"locations":[{"start":{"line":5,"column":14},"end":{"line":5,"column":54}}]},"3":{"type":"branch","line":6,"loc":{"start":{"line":6,"column":14},"end":{"line":6,"column":54}},"locations":[{"start":{"line":6,"column":14},"end":{"line":6,"column":54}}]},"4":{"type":"branch","line":7,"loc":{"start":{"line":7,"column":12},"end":{"line":12,"column":6}},"locations":[{"start":{"line":7,"column":12},"end":{"line":12,"column":6}}]},"5":{"type":"branch","line":8,"loc":{"start":{"line":8,"column":19},"end":{"line":11,"column":19}},"locations":[{"start":{"line":8,"column":19},"end":{"line":11,"column":19}}]},"6":{"type":"branch","line":8,"loc":{"start":{"line":8,"column":19},"end":{"line":10,"column":7}},"locations":[{"start":{"line":8,"column":19},"end":{"line":10,"column":7}}]},"7":{"type":"branch","line":10,"loc":{"start":{"line":10,"column":6},"end":{"line":11,"column":19}},"locations":[{"start":{"line":10,"column":6},"end":{"line":11,"column":19}}]},"8":{"type":"branch","line":13,"loc":{"start":{"line":13,"column":11},"end":{"line":18,"column":6}},"locations":[{"start":{"line":13,"column":11},"end":{"line":18,"column":6}}]},"9":{"type":"branch","line":14,"loc":{"start":{"line":14,"column":24},"end":{"line":17,"column":38}},"locations":[{"start":{"line":14,"column":24},"end":{"line":17,"column":38}}]},"10":{"type":"branch","line":14,"loc":{"start":{"line":14,"column":24},"end":{"line":16,"column":7}},"locations":[{"start":{"line":14,"column":24},"end":{"line":16,"column":7}}]},"11":{"type":"branch","line":16,"loc":{"start":{"line":16,"column":6},"end":{"line":17,"column":38}},"locations":[{"start":{"line":16,"column":6},"end":{"line":17,"column":38}}]},"12":{"type":"branch","line":25,"loc":{"start":{"line":25,"column":2},"end":{"line":25,"column":42}},"locations":[{"start":{"line":25,"column":2},"end":{"line":25,"column":42}}]},"13":{"type":"branch","line":27,"loc":{"start":{"line":27,"column":9},"end":{"line":56,"column":3}},"locations":[{"start":{"line":27,"column":9},"end":{"line":56,"column":3}}]},"14":{"type":"branch","line":31,"loc":{"start":{"line":31,"column":40},"end":{"line":33,"column":5}},"locations":[{"start":{"line":31,"column":40},"end":{"line":33,"column":5}}]},"15":{"type":"branch","line":35,"loc":{"start":{"line":35,"column":40},"end":{"line":37,"column":5}},"locations":[{"start":{"line":35,"column":40},"end":{"line":37,"column":5}}]},"16":{"type":"branch","line":41,"loc":{"start":{"line":41,"column":33},"end":{"line":43,"column":5}},"locations":[{"start":{"line":41,"column":33},"end":{"line":43,"column":5}}]},"17":{"type":"branch","line":48,"loc":{"start":{"line":48,"column":8},"end":{"line":48,"column":67}},"locations":[{"start":{"line":48,"column":8},"end":{"line":48,"column":67}}]},"18":{"type":"branch","line":48,"loc":{"start":{"line":48,"column":67},"end":{"line":50,"column":5}},"locations":[{"start":{"line":48,"column":67},"end":{"line":50,"column":5}}]},"19":{"type":"branch","line":60,"loc":{"start":{"line":60,"column":7},"end":{"line":104,"column":1}},"locations":[{"start":{"line":60,"column":7},"end":{"line":104,"column":1}}]},"20":{"type":"branch","line":69,"loc":{"start":{"line":69,"column":2},"end":{"line":86,"column":3}},"locations":[{"start":{"line":69,"column":2},"end":{"line":86,"column":3}}]},"21":{"type":"branch","line":72,"loc":{"start":{"line":72,"column":29},"end":{"line":74,"column":5}},"locations":[{"start":{"line":72,"column":29},"end":{"line":74,"column":5}}]},"22":{"type":"branch","line":74,"loc":{"start":{"line":74,"column":4},"end":{"line":85,"column":19}},"locations":[{"start":{"line":74,"column":4},"end":{"line":85,"column":19}}]},"23":{"type":"branch","line":88,"loc":{"start":{"line":88,"column":2},"end":{"line":90,"column":3}},"locations":[{"start":{"line":88,"column":2},"end":{"line":90,"column":3}}]},"24":{"type":"branch","line":89,"loc":{"start":{"line":89,"column":27},"end":{"line":89,"column":51}},"locations":[{"start":{"line":89,"column":27},"end":{"line":89,"column":51}}]},"25":{"type":"branch","line":92,"loc":{"start":{"line":92,"column":2},"end":{"line":94,"column":3}},"locations":[{"start":{"line":92,"column":2},"end":{"line":94,"column":3}}]},"26":{"type":"branch","line":96,"loc":{"start":{"line":96,"column":2},"end":{"line":103,"column":3}},"locations":[{"start":{"line":96,"column":2},"end":{"line":103,"column":3}}]},"27":{"type":"branch","line":98,"loc":{"start":{"line":98,"column":14},"end":{"line":101,"column":5}},"locations":[{"start":{"line":98,"column":14},"end":{"line":101,"column":5}}]},"28":{"type":"branch","line":101,"loc":{"start":{"line":101,"column":4},"end":{"line":102,"column":17}},"locations":[{"start":{"line":101,"column":4},"end":{"line":102,"column":17}}]},"29":{"type":"branch","line":97,"loc":{"start":{"line":97,"column":33},"end":{"line":97,"column":57}},"locations":[{"start":{"line":97,"column":33},"end":{"line":97,"column":57}}]}},"b":{"0":[64],"1":[15],"2":[5],"3":[6],"4":[6],"5":[5],"6":[2],"7":[4],"8":[8],"9":[7],"10":[2],"11":[6],"12":[4],"13":[38],"14":[3],"15":[1],"16":[12],"17":[31],"18":[5],"19":[17],"20":[18],"21":[3],"22":[15],"23":[11],"24":[11],"25":[6],"26":[4],"27":[3],"28":[1],"29":[3]},"fnMap":{"0":{"name":"Calculator","decl":{"start":{"line":2,"column":7},"end":{"line":20,"column":1}},"loc":{"start":{"line":2,"column":7},"end":{"line":20,"column":1}},"line":2},"1":{"name":"add","decl":{"start":{"line":4,"column":9},"end":{"line":4,"column":49}},"loc":{"start":{"line":4,"column":9},"end":{"line":4,"column":49}},"line":4},"2":{"name":"subtract","decl":{"start":{"line":5,"column":14},"end":{"line":5,"column":54}},"loc":{"start":{"line":5,"column":14},"end":{"line":5,"column":54}},"line":5},"3":{"name":"multiply","decl":{"start":{"line":6,"column":14},"end":{"line":6,"column":54}},"loc":{"start":{"line":6,"column":14},"end":{"line":6,"column":54}},"line":6},"4":{"name":"divide","decl":{"start":{"line":7,"column":12},"end":{"line":12,"column":6}},"loc":{"start":{"line":7,"column":12},"end":{"line":12,"column":6}},"line":7},"5":{"name":"power","decl":{"start":{"line":13,"column":11},"end":{"line":18,"column":6}},"loc":{"start":{"line":13,"column":11},"end":{"line":18,"column":6}},"line":13},"6":{"name":"<static_initializer>","decl":{"start":{"line":25,"column":2},"end":{"line":25,"column":42}},"loc":{"start":{"line":25,"column":2},"end":{"line":25,"column":42}},"line":25},"7":{"name":"validateEmail","decl":{"start":{"line":27,"column":9},"end":{"line":56,"column":3}},"loc":{"start":{"line":27,"column":9},"end":{"line":56,"column":3}},"line":27},"8":{"name":"<instance_members_initializer>","decl":{"start":{"line":60,"column":7},"end":{"line":104,"column":1}},"loc":{"start":{"line":60,"column":7},"end":{"line":104,"column":1}},"line":60},"9":{"name":"createUser","decl":{"start":{"line":69,"column":2},"end":{"line":86,"column":3}},"loc":{"start":{"line":69,"column":2},"end":{"line":86,"column":3}},"line":69},"10":{"name":"getUser","decl":{"start":{"line":88,"column":2},"end":{"line":90,"column":3}},"loc":{"start":{"line":88,"column":2},"end":{"line":90,"column":3}},"line":88},"11":{"name":"getAllUsers","decl":{"start":{"line":92,"column":2},"end":{"line":94,"column":3}},"loc":{"start":{"line":92,"column":2},"end":{"line":94,"column":3}},"line":92},"12":{"name":"deactivateUser","decl":{"start":{"line":96,"column":2},"end":{"line":103,"column":3}},"loc":{"start":{"line":96,"column":2},"end":{"line":103,"column":3}},"line":96}},"f":{"0":64,"1":15,"2":5,"3":6,"4":6,"5":8,"6":4,"7":38,"8":17,"9":18,"10":11,"11":6,"12":4}}
}
