{"C:\\Users\\Ana Luiza\\Documents\\Projetos\\PUC\\vitest-app-demo\\vitest-demo\\src\\App.tsx": {"path":"C:\\Users\\Ana Luiza\\Documents\\Projetos\\PUC\\vitest-app-demo\\vitest-demo\\src\\App.tsx","all":true,"statementMap":{"0":{"start":{"line":1,"column":0},"end":{"line":1,"column":33}},"1":{"start":{"line":2,"column":0},"end":{"line":2,"column":19}},"2":{"start":{"line":3,"column":0},"end":{"line":3,"column":82}},"3":{"start":{"line":4,"column":0},"end":{"line":4,"column":58}},"4":{"start":{"line":5,"column":0},"end":{"line":5,"column":58}},"5":{"start":{"line":6,"column":0},"end":{"line":6,"column":0}},"6":{"start":{"line":7,"column":0},"end":{"line":7,"column":16}},"7":{"start":{"line":8,"column":0},"end":{"line":8,"column":79}},"8":{"start":{"line":9,"column":0},"end":{"line":9,"column":16}},"9":{"start":{"line":10,"column":0},"end":{"line":10,"column":4}},"10":{"start":{"line":11,"column":0},"end":{"line":11,"column":0}},"11":{"start":{"line":12,"column":0},"end":{"line":12,"column":10}},"12":{"start":{"line":13,"column":0},"end":{"line":13,"column":25}},"13":{"start":{"line":14,"column":0},"end":{"line":14,"column":37}},"14":{"start":{"line":15,"column":0},"end":{"line":15,"column":40}},"15":{"start":{"line":16,"column":0},"end":{"line":16,"column":55}},"16":{"start":{"line":17,"column":0},"end":{"line":17,"column":0}},"17":{"start":{"line":18,"column":0},"end":{"line":18,"column":40}},"18":{"start":{"line":19,"column":0},"end":{"line":19,"column":17}},"19":{"start":{"line":20,"column":0},"end":{"line":20,"column":40}},"20":{"start":{"line":21,"column":0},"end":{"line":21,"column":66}},"21":{"start":{"line":22,"column":0},"end":{"line":22,"column":54}},"22":{"start":{"line":23,"column":0},"end":{"line":23,"column":11}},"23":{"start":{"line":24,"column":0},"end":{"line":24,"column":23}},"24":{"start":{"line":25,"column":0},"end":{"line":25,"column":19}},"25":{"start":{"line":26,"column":0},"end":{"line":26,"column":17}},"26":{"start":{"line":27,"column":0},"end":{"line":27,"column":35}},"27":{"start":{"line":28,"column":0},"end":{"line":28,"column":61}},"28":{"start":{"line":29,"column":0},"end":{"line":29,"column":49}},"29":{"start":{"line":30,"column":0},"end":{"line":30,"column":11}},"30":{"start":{"line":31,"column":0},"end":{"line":31,"column":22}},"31":{"start":{"line":32,"column":0},"end":{"line":32,"column":19}},"32":{"start":{"line":33,"column":0},"end":{"line":33,"column":17}},"33":{"start":{"line":34,"column":0},"end":{"line":34,"column":35}},"34":{"start":{"line":35,"column":0},"end":{"line":35,"column":61}},"35":{"start":{"line":36,"column":0},"end":{"line":36,"column":49}},"36":{"start":{"line":37,"column":0},"end":{"line":37,"column":11}},"37":{"start":{"line":38,"column":0},"end":{"line":38,"column":26}},"38":{"start":{"line":39,"column":0},"end":{"line":39,"column":19}},"39":{"start":{"line":40,"column":0},"end":{"line":40,"column":14}},"40":{"start":{"line":41,"column":0},"end":{"line":41,"column":15}},"41":{"start":{"line":42,"column":0},"end":{"line":42,"column":0}},"42":{"start":{"line":43,"column":0},"end":{"line":43,"column":35}},"43":{"start":{"line":44,"column":0},"end":{"line":44,"column":35}},"44":{"start":{"line":45,"column":0},"end":{"line":45,"column":42}},"45":{"start":{"line":46,"column":0},"end":{"line":46,"column":43}},"46":{"start":{"line":47,"column":0},"end":{"line":47,"column":44}},"47":{"start":{"line":48,"column":0},"end":{"line":48,"column":36}},"48":{"start":{"line":49,"column":0},"end":{"line":49,"column":51}},"49":{"start":{"line":50,"column":0},"end":{"line":50,"column":68}},"50":{"start":{"line":51,"column":0},"end":{"line":51,"column":22}},"51":{"start":{"line":52,"column":0},"end":{"line":52,"column":24}},"52":{"start":{"line":53,"column":0},"end":{"line":53,"column":80}},"53":{"start":{"line":54,"column":0},"end":{"line":54,"column":25}},"54":{"start":{"line":55,"column":0},"end":{"line":55,"column":24}},"55":{"start":{"line":56,"column":0},"end":{"line":56,"column":69}},"56":{"start":{"line":57,"column":0},"end":{"line":57,"column":33}},"57":{"start":{"line":58,"column":0},"end":{"line":58,"column":25}},"58":{"start":{"line":59,"column":0},"end":{"line":59,"column":24}},"59":{"start":{"line":60,"column":0},"end":{"line":60,"column":77}},"60":{"start":{"line":61,"column":0},"end":{"line":61,"column":25}},"61":{"start":{"line":62,"column":0},"end":{"line":62,"column":23}},"62":{"start":{"line":63,"column":0},"end":{"line":63,"column":22}},"63":{"start":{"line":64,"column":0},"end":{"line":64,"column":20}},"64":{"start":{"line":65,"column":0},"end":{"line":65,"column":37}},"65":{"start":{"line":66,"column":0},"end":{"line":66,"column":22}},"66":{"start":{"line":67,"column":0},"end":{"line":67,"column":12}},"67":{"start":{"line":68,"column":0},"end":{"line":68,"column":37}},"68":{"start":{"line":69,"column":0},"end":{"line":69,"column":43}},"69":{"start":{"line":70,"column":0},"end":{"line":70,"column":44}},"70":{"start":{"line":71,"column":0},"end":{"line":71,"column":34}},"71":{"start":{"line":72,"column":0},"end":{"line":72,"column":51}},"72":{"start":{"line":73,"column":0},"end":{"line":73,"column":67}},"73":{"start":{"line":74,"column":0},"end":{"line":74,"column":22}},"74":{"start":{"line":75,"column":0},"end":{"line":75,"column":64}},"75":{"start":{"line":76,"column":0},"end":{"line":76,"column":78}},"76":{"start":{"line":77,"column":0},"end":{"line":77,"column":74}},"77":{"start":{"line":78,"column":0},"end":{"line":78,"column":23}},"78":{"start":{"line":79,"column":0},"end":{"line":79,"column":22}},"79":{"start":{"line":80,"column":0},"end":{"line":80,"column":20}},"80":{"start":{"line":81,"column":0},"end":{"line":81,"column":26}},"81":{"start":{"line":82,"column":0},"end":{"line":82,"column":22}},"82":{"start":{"line":83,"column":0},"end":{"line":83,"column":12}},"83":{"start":{"line":84,"column":0},"end":{"line":84,"column":37}},"84":{"start":{"line":85,"column":0},"end":{"line":85,"column":43}},"85":{"start":{"line":86,"column":0},"end":{"line":86,"column":26}},"86":{"start":{"line":87,"column":0},"end":{"line":87,"column":22}},"87":{"start":{"line":88,"column":0},"end":{"line":88,"column":12}},"88":{"start":{"line":89,"column":0},"end":{"line":89,"column":15}},"89":{"start":{"line":90,"column":0},"end":{"line":90,"column":12}},"90":{"start":{"line":91,"column":0},"end":{"line":91,"column":10}},"91":{"start":{"line":92,"column":0},"end":{"line":92,"column":4}},"92":{"start":{"line":93,"column":0},"end":{"line":93,"column":1}},"93":{"start":{"line":94,"column":0},"end":{"line":94,"column":0}},"94":{"start":{"line":95,"column":0},"end":{"line":95,"column":19}}},"s":{"0":0,"1":0,"2":0,"3":0,"4":0,"5":0,"6":0,"7":0,"8":0,"9":0,"10":0,"11":0,"12":0,"13":0,"14":0,"15":0,"16":0,"17":0,"18":0,"19":0,"20":0,"21":0,"22":0,"23":0,"24":0,"25":0,"26":0,"27":0,"28":0,"29":0,"30":0,"31":0,"32":0,"33":0,"34":0,"35":0,"36":0,"37":0,"38":0,"39":0,"40":0,"41":0,"42":0,"43":0,"44":0,"45":0,"46":0,"47":0,"48":0,"49":0,"50":0,"51":0,"52":0,"53":0,"54":0,"55":0,"56":0,"57":0,"58":0,"59":0,"60":0,"61":0,"62":0,"63":0,"64":0,"65":0,"66":0,"67":0,"68":0,"69":0,"70":0,"71":0,"72":0,"73":0,"74":0,"75":0,"76":0,"77":0,"78":0,"79":0,"80":0,"81":0,"82":0,"83":0,"84":0,"85":0,"86":0,"87":0,"88":0,"89":0,"90":0,"91":0,"92":0,"93":0,"94":0},"branchMap":{"0":{"type":"branch","line":1,"loc":{"start":{"line":1,"column":0},"end":{"line":95,"column":19}},"locations":[{"start":{"line":1,"column":0},"end":{"line":95,"column":19}}]}},"b":{"0":[0]},"fnMap":{"0":{"name":"(empty-report)","decl":{"start":{"line":1,"column":0},"end":{"line":95,"column":19}},"loc":{"start":{"line":1,"column":0},"end":{"line":95,"column":19}},"line":1}},"f":{"0":0}}
,"C:\\Users\\Ana Luiza\\Documents\\Projetos\\PUC\\vitest-app-demo\\vitest-demo\\src\\main.tsx": {"path":"C:\\Users\\Ana Luiza\\Documents\\Projetos\\PUC\\vitest-app-demo\\vitest-demo\\src\\main.tsx","all":true,"statementMap":{"0":{"start":{"line":1,"column":0},"end":{"line":1,"column":34}},"1":{"start":{"line":2,"column":0},"end":{"line":2,"column":45}},"2":{"start":{"line":3,"column":0},"end":{"line":3,"column":20}},"3":{"start":{"line":4,"column":0},"end":{"line":4,"column":27}},"4":{"start":{"line":5,"column":0},"end":{"line":5,"column":0}},"5":{"start":{"line":6,"column":0},"end":{"line":6,"column":52}},"6":{"start":{"line":7,"column":0},"end":{"line":7,"column":14}},"7":{"start":{"line":8,"column":0},"end":{"line":8,"column":11}},"8":{"start":{"line":9,"column":0},"end":{"line":9,"column":16}},"9":{"start":{"line":10,"column":0},"end":{"line":10,"column":1}}},"s":{"0":0,"1":0,"2":0,"3":0,"4":0,"5":0,"6":0,"7":0,"8":0,"9":0},"branchMap":{"0":{"type":"branch","line":1,"loc":{"start":{"line":1,"column":0},"end":{"line":10,"column":1}},"locations":[{"start":{"line":1,"column":0},"end":{"line":10,"column":1}}]}},"b":{"0":[0]},"fnMap":{"0":{"name":"(empty-report)","decl":{"start":{"line":1,"column":0},"end":{"line":10,"column":1}},"loc":{"start":{"line":1,"column":0},"end":{"line":10,"column":1}},"line":1}},"f":{"0":0}}
,"C:\\Users\\Ana Luiza\\Documents\\Projetos\\PUC\\vitest-app-demo\\vitest-demo\\src\\components\\Calculator\\CalculatorComponent.tsx": {"path":"C:\\Users\\Ana Luiza\\Documents\\Projetos\\PUC\\vitest-app-demo\\vitest-demo\\src\\components\\Calculator\\CalculatorComponent.tsx","all":false,"statementMap":{"0":{"start":{"line":1,"column":0},"end":{"line":1,"column":40}},"1":{"start":{"line":2,"column":0},"end":{"line":2,"column":41}},"7":{"start":{"line":8,"column":0},"end":{"line":8,"column":73}},"8":{"start":{"line":9,"column":0},"end":{"line":9,"column":24}},"9":{"start":{"line":10,"column":0},"end":{"line":10,"column":7}},"10":{"start":{"line":11,"column":0},"end":{"line":11,"column":47}},"11":{"start":{"line":12,"column":0},"end":{"line":12,"column":47}},"12":{"start":{"line":13,"column":0},"end":{"line":13,"column":60}},"13":{"start":{"line":14,"column":0},"end":{"line":14,"column":51}},"14":{"start":{"line":15,"column":0},"end":{"line":15,"column":49}},"16":{"start":{"line":17,"column":0},"end":{"line":17,"column":34}},"18":{"start":{"line":19,"column":0},"end":{"line":19,"column":33}},"19":{"start":{"line":20,"column":0},"end":{"line":20,"column":17}},"21":{"start":{"line":22,"column":0},"end":{"line":22,"column":32}},"22":{"start":{"line":23,"column":0},"end":{"line":23,"column":32}},"24":{"start":{"line":25,"column":0},"end":{"line":25,"column":33}},"25":{"start":{"line":26,"column":0},"end":{"line":26,"column":53}},"26":{"start":{"line":27,"column":0},"end":{"line":27,"column":13}},"27":{"start":{"line":28,"column":0},"end":{"line":28,"column":5}},"29":{"start":{"line":30,"column":0},"end":{"line":30,"column":9}},"30":{"start":{"line":31,"column":0},"end":{"line":31,"column":36}},"32":{"start":{"line":33,"column":0},"end":{"line":33,"column":26}},"33":{"start":{"line":34,"column":0},"end":{"line":34,"column":19}},"34":{"start":{"line":35,"column":0},"end":{"line":35,"column":53}},"35":{"start":{"line":36,"column":0},"end":{"line":36,"column":16}},"36":{"start":{"line":37,"column":0},"end":{"line":37,"column":24}},"37":{"start":{"line":38,"column":0},"end":{"line":38,"column":58}},"38":{"start":{"line":39,"column":0},"end":{"line":39,"column":16}},"39":{"start":{"line":40,"column":0},"end":{"line":40,"column":24}},"40":{"start":{"line":41,"column":0},"end":{"line":41,"column":58}},"41":{"start":{"line":42,"column":0},"end":{"line":42,"column":16}},"42":{"start":{"line":43,"column":0},"end":{"line":43,"column":22}},"43":{"start":{"line":44,"column":0},"end":{"line":44,"column":56}},"44":{"start":{"line":45,"column":0},"end":{"line":45,"column":16}},"45":{"start":{"line":46,"column":0},"end":{"line":46,"column":21}},"46":{"start":{"line":47,"column":0},"end":{"line":47,"column":55}},"47":{"start":{"line":48,"column":0},"end":{"line":48,"column":16}},"48":{"start":{"line":49,"column":0},"end":{"line":49,"column":16}},"49":{"start":{"line":50,"column":0},"end":{"line":50,"column":40}},"50":{"start":{"line":51,"column":0},"end":{"line":51,"column":24}},"51":{"start":{"line":52,"column":0},"end":{"line":52,"column":17}},"52":{"start":{"line":53,"column":0},"end":{"line":53,"column":7}},"54":{"start":{"line":55,"column":0},"end":{"line":55,"column":53}},"55":{"start":{"line":56,"column":0},"end":{"line":56,"column":48}},"56":{"start":{"line":57,"column":0},"end":{"line":57,"column":7}},"57":{"start":{"line":58,"column":0},"end":{"line":58,"column":19}},"58":{"start":{"line":59,"column":0},"end":{"line":59,"column":73}},"59":{"start":{"line":60,"column":0},"end":{"line":60,"column":20}},"60":{"start":{"line":61,"column":0},"end":{"line":61,"column":5}},"61":{"start":{"line":62,"column":0},"end":{"line":62,"column":4}},"63":{"start":{"line":64,"column":0},"end":{"line":64,"column":29}},"64":{"start":{"line":65,"column":0},"end":{"line":65,"column":16}},"65":{"start":{"line":66,"column":0},"end":{"line":66,"column":16}},"66":{"start":{"line":67,"column":0},"end":{"line":67,"column":18}},"67":{"start":{"line":68,"column":0},"end":{"line":68,"column":17}},"68":{"start":{"line":69,"column":0},"end":{"line":69,"column":4}},"70":{"start":{"line":71,"column":0},"end":{"line":71,"column":10}},"71":{"start":{"line":72,"column":0},"end":{"line":72,"column":53}},"72":{"start":{"line":73,"column":0},"end":{"line":73,"column":53}},"74":{"start":{"line":75,"column":0},"end":{"line":75,"column":35}},"75":{"start":{"line":76,"column":0},"end":{"line":76,"column":54}},"76":{"start":{"line":77,"column":0},"end":{"line":77,"column":14}},"77":{"start":{"line":78,"column":0},"end":{"line":78,"column":19}},"78":{"start":{"line":79,"column":0},"end":{"line":79,"column":34}},"79":{"start":{"line":80,"column":0},"end":{"line":80,"column":21}},"80":{"start":{"line":81,"column":0},"end":{"line":81,"column":22}},"81":{"start":{"line":82,"column":0},"end":{"line":82,"column":51}},"82":{"start":{"line":83,"column":0},"end":{"line":83,"column":48}},"83":{"start":{"line":84,"column":0},"end":{"line":84,"column":10}},"84":{"start":{"line":85,"column":0},"end":{"line":85,"column":12}},"86":{"start":{"line":87,"column":0},"end":{"line":87,"column":35}},"87":{"start":{"line":88,"column":0},"end":{"line":88,"column":52}},"88":{"start":{"line":89,"column":0},"end":{"line":89,"column":15}},"89":{"start":{"line":90,"column":0},"end":{"line":90,"column":24}},"90":{"start":{"line":91,"column":0},"end":{"line":91,"column":40}},"91":{"start":{"line":92,"column":0},"end":{"line":92,"column":27}},"92":{"start":{"line":93,"column":0},"end":{"line":93,"column":56}},"94":{"start":{"line":95,"column":0},"end":{"line":95,"column":47}},"95":{"start":{"line":96,"column":0},"end":{"line":96,"column":57}},"96":{"start":{"line":97,"column":0},"end":{"line":97,"column":61}},"97":{"start":{"line":98,"column":0},"end":{"line":98,"column":53}},"98":{"start":{"line":99,"column":0},"end":{"line":99,"column":53}},"99":{"start":{"line":100,"column":0},"end":{"line":100,"column":17}},"100":{"start":{"line":101,"column":0},"end":{"line":101,"column":12}},"102":{"start":{"line":103,"column":0},"end":{"line":103,"column":35}},"103":{"start":{"line":104,"column":0},"end":{"line":104,"column":53}},"104":{"start":{"line":105,"column":0},"end":{"line":105,"column":14}},"105":{"start":{"line":106,"column":0},"end":{"line":106,"column":19}},"106":{"start":{"line":107,"column":0},"end":{"line":107,"column":34}},"107":{"start":{"line":108,"column":0},"end":{"line":108,"column":21}},"108":{"start":{"line":109,"column":0},"end":{"line":109,"column":22}},"109":{"start":{"line":110,"column":0},"end":{"line":110,"column":51}},"110":{"start":{"line":111,"column":0},"end":{"line":111,"column":47}},"111":{"start":{"line":112,"column":0},"end":{"line":112,"column":10}},"112":{"start":{"line":113,"column":0},"end":{"line":113,"column":12}},"114":{"start":{"line":115,"column":0},"end":{"line":115,"column":36}},"115":{"start":{"line":116,"column":0},"end":{"line":116,"column":15}},"116":{"start":{"line":117,"column":0},"end":{"line":117,"column":40}},"117":{"start":{"line":118,"column":0},"end":{"line":118,"column":35}},"118":{"start":{"line":119,"column":0},"end":{"line":119,"column":35}},"119":{"start":{"line":120,"column":0},"end":{"line":120,"column":9}},"121":{"start":{"line":122,"column":0},"end":{"line":122,"column":17}},"122":{"start":{"line":123,"column":0},"end":{"line":123,"column":15}},"123":{"start":{"line":124,"column":0},"end":{"line":124,"column":36}},"124":{"start":{"line":125,"column":0},"end":{"line":125,"column":31}},"125":{"start":{"line":126,"column":0},"end":{"line":126,"column":31}},"126":{"start":{"line":127,"column":0},"end":{"line":127,"column":9}},"128":{"start":{"line":129,"column":0},"end":{"line":129,"column":17}},"129":{"start":{"line":130,"column":0},"end":{"line":130,"column":12}},"131":{"start":{"line":132,"column":0},"end":{"line":132,"column":18}},"132":{"start":{"line":133,"column":0},"end":{"line":133,"column":53}},"133":{"start":{"line":134,"column":0},"end":{"line":134,"column":26}},"134":{"start":{"line":135,"column":0},"end":{"line":135,"column":14}},"137":{"start":{"line":138,"column":0},"end":{"line":138,"column":17}},"138":{"start":{"line":139,"column":0},"end":{"line":139,"column":51}},"139":{"start":{"line":140,"column":0},"end":{"line":140,"column":24}},"140":{"start":{"line":141,"column":0},"end":{"line":141,"column":14}},"142":{"start":{"line":143,"column":0},"end":{"line":143,"column":10}},"144":{"start":{"line":145,"column":0},"end":{"line":145,"column":2}}},"s":{"0":1,"1":1,"7":1,"8":129,"9":129,"10":129,"11":129,"12":129,"13":129,"14":129,"16":129,"18":129,"19":31,"21":31,"22":31,"24":31,"25":7,"26":7,"27":7,"29":24,"30":24,"32":24,"33":31,"34":11,"35":11,"36":31,"37":2,"38":2,"39":31,"40":2,"41":2,"42":31,"43":4,"44":4,"45":31,"46":4,"47":4,"48":31,"49":1,"50":1,"51":1,"52":31,"54":18,"55":18,"56":18,"57":31,"58":5,"59":5,"60":5,"61":31,"63":129,"64":2,"65":2,"66":2,"67":2,"68":2,"70":129,"71":129,"72":129,"74":129,"75":129,"76":129,"77":129,"78":129,"79":129,"80":129,"81":129,"82":129,"83":129,"84":129,"86":129,"87":129,"88":129,"89":129,"90":129,"91":129,"92":129,"94":129,"95":129,"96":129,"97":129,"98":129,"99":129,"100":129,"102":129,"103":129,"104":129,"105":129,"106":129,"107":129,"108":129,"109":129,"110":129,"111":129,"112":129,"114":129,"115":129,"116":129,"117":129,"118":129,"119":129,"121":129,"122":129,"123":129,"124":129,"125":129,"126":129,"128":129,"129":129,"131":129,"132":24,"133":24,"134":24,"137":129,"138":16,"139":16,"140":16,"142":129,"144":129},"branchMap":{"0":{"type":"branch","line":8,"loc":{"start":{"line":8,"column":71},"end":{"line":145,"column":2}},"locations":[{"start":{"line":8,"column":71},"end":{"line":145,"column":2}}]},"1":{"type":"branch","line":132,"loc":{"start":{"line":132,"column":7},"end":{"line":135,"column":14}},"locations":[{"start":{"line":132,"column":7},"end":{"line":135,"column":14}}]},"2":{"type":"branch","line":138,"loc":{"start":{"line":138,"column":7},"end":{"line":141,"column":14}},"locations":[{"start":{"line":138,"column":7},"end":{"line":141,"column":14}}]},"3":{"type":"branch","line":19,"loc":{"start":{"line":19,"column":26},"end":{"line":62,"column":4}},"locations":[{"start":{"line":19,"column":26},"end":{"line":62,"column":4}}]},"4":{"type":"branch","line":25,"loc":{"start":{"line":25,"column":16},"end":{"line":25,"column":32}},"locations":[{"start":{"line":25,"column":16},"end":{"line":25,"column":32}}]},"5":{"type":"branch","line":25,"loc":{"start":{"line":25,"column":32},"end":{"line":28,"column":5}},"locations":[{"start":{"line":25,"column":32},"end":{"line":28,"column":5}}]},"6":{"type":"branch","line":28,"loc":{"start":{"line":28,"column":4},"end":{"line":33,"column":26}},"locations":[{"start":{"line":28,"column":4},"end":{"line":33,"column":26}}]},"7":{"type":"branch","line":34,"loc":{"start":{"line":34,"column":8},"end":{"line":36,"column":16}},"locations":[{"start":{"line":34,"column":8},"end":{"line":36,"column":16}}]},"8":{"type":"branch","line":37,"loc":{"start":{"line":37,"column":8},"end":{"line":39,"column":16}},"locations":[{"start":{"line":37,"column":8},"end":{"line":39,"column":16}}]},"9":{"type":"branch","line":40,"loc":{"start":{"line":40,"column":8},"end":{"line":42,"column":16}},"locations":[{"start":{"line":40,"column":8},"end":{"line":42,"column":16}}]},"10":{"type":"branch","line":43,"loc":{"start":{"line":43,"column":8},"end":{"line":45,"column":16}},"locations":[{"start":{"line":43,"column":8},"end":{"line":45,"column":16}}]},"11":{"type":"branch","line":46,"loc":{"start":{"line":46,"column":8},"end":{"line":48,"column":16}},"locations":[{"start":{"line":46,"column":8},"end":{"line":48,"column":16}}]},"12":{"type":"branch","line":49,"loc":{"start":{"line":49,"column":8},"end":{"line":52,"column":17}},"locations":[{"start":{"line":49,"column":8},"end":{"line":52,"column":17}}]},"13":{"type":"branch","line":53,"loc":{"start":{"line":53,"column":6},"end":{"line":57,"column":7}},"locations":[{"start":{"line":53,"column":6},"end":{"line":57,"column":7}}]},"14":{"type":"branch","line":58,"loc":{"start":{"line":58,"column":4},"end":{"line":61,"column":5}},"locations":[{"start":{"line":58,"column":4},"end":{"line":61,"column":5}}]},"15":{"type":"branch","line":59,"loc":{"start":{"line":59,"column":30},"end":{"line":59,"column":52}},"locations":[{"start":{"line":59,"column":30},"end":{"line":59,"column":52}}]},"16":{"type":"branch","line":59,"loc":{"start":{"line":59,"column":42},"end":{"line":59,"column":71}},"locations":[{"start":{"line":59,"column":42},"end":{"line":59,"column":71}}]},"17":{"type":"branch","line":64,"loc":{"start":{"line":64,"column":22},"end":{"line":69,"column":4}},"locations":[{"start":{"line":64,"column":22},"end":{"line":69,"column":4}}]},"18":{"type":"branch","line":82,"loc":{"start":{"line":82,"column":20},"end":{"line":82,"column":51}},"locations":[{"start":{"line":82,"column":20},"end":{"line":82,"column":51}}]},"19":{"type":"branch","line":93,"loc":{"start":{"line":93,"column":20},"end":{"line":93,"column":56}},"locations":[{"start":{"line":93,"column":20},"end":{"line":93,"column":56}}]},"20":{"type":"branch","line":110,"loc":{"start":{"line":110,"column":20},"end":{"line":110,"column":51}},"locations":[{"start":{"line":110,"column":20},"end":{"line":110,"column":51}}]}},"b":{"0":[129],"1":[24],"2":[16],"3":[31],"4":[26],"5":[7],"6":[24],"7":[11],"8":[2],"9":[2],"10":[4],"11":[4],"12":[1],"13":[18],"14":[5],"15":[4],"16":[1],"17":[2],"18":[28],"19":[15],"20":[26]},"fnMap":{"0":{"name":"CalculatorComponent","decl":{"start":{"line":8,"column":71},"end":{"line":145,"column":2}},"loc":{"start":{"line":8,"column":71},"end":{"line":145,"column":2}},"line":8},"1":{"name":"handleCalculate","decl":{"start":{"line":19,"column":26},"end":{"line":62,"column":4}},"loc":{"start":{"line":19,"column":26},"end":{"line":62,"column":4}},"line":19},"2":{"name":"handleClear","decl":{"start":{"line":64,"column":22},"end":{"line":69,"column":4}},"loc":{"start":{"line":64,"column":22},"end":{"line":69,"column":4}},"line":64},"3":{"name":"onChange","decl":{"start":{"line":82,"column":20},"end":{"line":82,"column":51}},"loc":{"start":{"line":82,"column":20},"end":{"line":82,"column":51}},"line":82},"4":{"name":"onChange","decl":{"start":{"line":93,"column":20},"end":{"line":93,"column":56}},"loc":{"start":{"line":93,"column":20},"end":{"line":93,"column":56}},"line":93},"5":{"name":"onChange","decl":{"start":{"line":110,"column":20},"end":{"line":110,"column":51}},"loc":{"start":{"line":110,"column":20},"end":{"line":110,"column":51}},"line":110}},"f":{"0":129,"1":31,"2":2,"3":28,"4":15,"5":26}}
,"C:\\Users\\Ana Luiza\\Documents\\Projetos\\PUC\\vitest-app-demo\\vitest-demo\\src\\components\\TodoList\\TodoList.tsx": {"path":"C:\\Users\\Ana Luiza\\Documents\\Projetos\\PUC\\vitest-app-demo\\vitest-demo\\src\\components\\TodoList\\TodoList.tsx","all":false,"statementMap":{"0":{"start":{"line":1,"column":0},"end":{"line":1,"column":40}},"13":{"start":{"line":14,"column":0},"end":{"line":14,"column":51}},"14":{"start":{"line":15,"column":0},"end":{"line":15,"column":23}},"15":{"start":{"line":16,"column":0},"end":{"line":16,"column":20}},"16":{"start":{"line":17,"column":0},"end":{"line":17,"column":7}},"17":{"start":{"line":18,"column":0},"end":{"line":18,"column":59}},"18":{"start":{"line":19,"column":0},"end":{"line":19,"column":61}},"19":{"start":{"line":20,"column":0},"end":{"line":20,"column":72}},"21":{"start":{"line":22,"column":0},"end":{"line":22,"column":25}},"22":{"start":{"line":23,"column":0},"end":{"line":23,"column":36}},"23":{"start":{"line":24,"column":0},"end":{"line":24,"column":13}},"24":{"start":{"line":25,"column":0},"end":{"line":25,"column":5}},"26":{"start":{"line":27,"column":0},"end":{"line":27,"column":27}},"27":{"start":{"line":28,"column":0},"end":{"line":28,"column":17}},"28":{"start":{"line":29,"column":0},"end":{"line":29,"column":31}},"29":{"start":{"line":30,"column":0},"end":{"line":30,"column":23}},"30":{"start":{"line":31,"column":0},"end":{"line":31,"column":6}},"32":{"start":{"line":33,"column":0},"end":{"line":33,"column":34}},"33":{"start":{"line":34,"column":0},"end":{"line":34,"column":23}},"34":{"start":{"line":35,"column":0},"end":{"line":35,"column":26}},"35":{"start":{"line":36,"column":0},"end":{"line":36,"column":4}},"37":{"start":{"line":38,"column":0},"end":{"line":38,"column":38}},"38":{"start":{"line":39,"column":0},"end":{"line":39,"column":13}},"39":{"start":{"line":40,"column":0},"end":{"line":40,"column":25}},"40":{"start":{"line":41,"column":0},"end":{"line":41,"column":71}},"41":{"start":{"line":42,"column":0},"end":{"line":42,"column":7}},"42":{"start":{"line":43,"column":0},"end":{"line":43,"column":6}},"43":{"start":{"line":44,"column":0},"end":{"line":44,"column":4}},"45":{"start":{"line":46,"column":0},"end":{"line":46,"column":38}},"46":{"start":{"line":47,"column":0},"end":{"line":47,"column":53}},"47":{"start":{"line":48,"column":0},"end":{"line":48,"column":4}},"49":{"start":{"line":50,"column":0},"end":{"line":50,"column":71}},"50":{"start":{"line":51,"column":0},"end":{"line":51,"column":34}},"52":{"start":{"line":53,"column":0},"end":{"line":53,"column":10}},"53":{"start":{"line":54,"column":0},"end":{"line":54,"column":52}},"54":{"start":{"line":55,"column":0},"end":{"line":55,"column":53}},"56":{"start":{"line":57,"column":0},"end":{"line":57,"column":32}},"57":{"start":{"line":58,"column":0},"end":{"line":58,"column":14}},"58":{"start":{"line":59,"column":0},"end":{"line":59,"column":38}},"59":{"start":{"line":60,"column":0},"end":{"line":60,"column":21}},"60":{"start":{"line":61,"column":0},"end":{"line":61,"column":29}},"61":{"start":{"line":62,"column":0},"end":{"line":62,"column":58}},"62":{"start":{"line":63,"column":0},"end":{"line":63,"column":48}},"63":{"start":{"line":64,"column":0},"end":{"line":64,"column":60}},"64":{"start":{"line":65,"column":0},"end":{"line":65,"column":10}},"65":{"start":{"line":66,"column":0},"end":{"line":66,"column":15}},"66":{"start":{"line":67,"column":0},"end":{"line":67,"column":39}},"67":{"start":{"line":68,"column":0},"end":{"line":68,"column":27}},"68":{"start":{"line":69,"column":0},"end":{"line":69,"column":46}},"69":{"start":{"line":70,"column":0},"end":{"line":70,"column":9}},"71":{"start":{"line":72,"column":0},"end":{"line":72,"column":17}},"72":{"start":{"line":73,"column":0},"end":{"line":73,"column":12}},"74":{"start":{"line":75,"column":0},"end":{"line":75,"column":59}},"75":{"start":{"line":76,"column":0},"end":{"line":76,"column":23}},"76":{"start":{"line":77,"column":0},"end":{"line":77,"column":59}},"77":{"start":{"line":78,"column":0},"end":{"line":78,"column":46}},"78":{"start":{"line":79,"column":0},"end":{"line":79,"column":12}},"80":{"start":{"line":81,"column":0},"end":{"line":81,"column":29}},"81":{"start":{"line":82,"column":0},"end":{"line":82,"column":30}},"82":{"start":{"line":83,"column":0},"end":{"line":83,"column":14}},"83":{"start":{"line":84,"column":0},"end":{"line":84,"column":25}},"84":{"start":{"line":85,"column":0},"end":{"line":85,"column":48}},"85":{"start":{"line":86,"column":0},"end":{"line":86,"column":72}},"87":{"start":{"line":88,"column":0},"end":{"line":88,"column":18}},"88":{"start":{"line":89,"column":0},"end":{"line":89,"column":29}},"89":{"start":{"line":90,"column":0},"end":{"line":90,"column":54}},"90":{"start":{"line":91,"column":0},"end":{"line":91,"column":38}},"91":{"start":{"line":92,"column":0},"end":{"line":92,"column":50}},"92":{"start":{"line":93,"column":0},"end":{"line":93,"column":14}},"93":{"start":{"line":94,"column":0},"end":{"line":94,"column":77}},"94":{"start":{"line":95,"column":0},"end":{"line":95,"column":25}},"95":{"start":{"line":96,"column":0},"end":{"line":96,"column":19}},"96":{"start":{"line":97,"column":0},"end":{"line":97,"column":19}},"97":{"start":{"line":98,"column":0},"end":{"line":98,"column":52}},"98":{"start":{"line":99,"column":0},"end":{"line":99,"column":49}},"99":{"start":{"line":100,"column":0},"end":{"line":100,"column":39}},"100":{"start":{"line":101,"column":0},"end":{"line":101,"column":13}},"102":{"start":{"line":103,"column":0},"end":{"line":103,"column":21}},"103":{"start":{"line":104,"column":0},"end":{"line":104,"column":16}},"104":{"start":{"line":105,"column":0},"end":{"line":105,"column":11}},"105":{"start":{"line":106,"column":0},"end":{"line":106,"column":12}},"106":{"start":{"line":107,"column":0},"end":{"line":107,"column":10}},"108":{"start":{"line":109,"column":0},"end":{"line":109,"column":2}}},"s":{"0":1,"13":1,"14":67,"15":67,"16":67,"17":67,"18":67,"19":67,"21":67,"22":13,"23":0,"24":0,"26":13,"27":13,"28":13,"29":13,"30":13,"32":13,"33":13,"34":13,"35":13,"37":67,"38":8,"39":8,"40":13,"41":8,"42":8,"43":8,"45":67,"46":7,"47":7,"49":67,"50":67,"52":67,"53":67,"54":67,"56":67,"57":67,"58":67,"59":67,"60":67,"61":67,"62":67,"63":67,"64":67,"65":67,"66":67,"67":67,"68":67,"69":67,"71":67,"72":67,"74":67,"75":67,"76":41,"77":26,"78":67,"80":67,"81":67,"82":67,"83":67,"84":67,"85":67,"87":67,"88":67,"89":67,"90":67,"91":67,"92":67,"93":67,"94":67,"95":67,"96":67,"97":67,"98":67,"99":67,"100":67,"102":67,"103":67,"104":67,"105":67,"106":67,"108":67},"branchMap":{"0":{"type":"branch","line":14,"loc":{"start":{"line":14,"column":49},"end":{"line":109,"column":2}},"locations":[{"start":{"line":14,"column":49},"end":{"line":109,"column":2}}]},"1":{"type":"branch","line":76,"loc":{"start":{"line":76,"column":22},"end":{"line":77,"column":59}},"locations":[{"start":{"line":76,"column":22},"end":{"line":77,"column":59}}]},"2":{"type":"branch","line":77,"loc":{"start":{"line":77,"column":46},"end":{"line":78,"column":46}},"locations":[{"start":{"line":77,"column":46},"end":{"line":78,"column":46}}]},"3":{"type":"branch","line":22,"loc":{"start":{"line":22,"column":18},"end":{"line":36,"column":4}},"locations":[{"start":{"line":22,"column":18},"end":{"line":36,"column":4}}]},"4":{"type":"branch","line":23,"loc":{"start":{"line":23,"column":35},"end":{"line":25,"column":5}},"locations":[{"start":{"line":23,"column":35},"end":{"line":25,"column":5}}]},"5":{"type":"branch","line":38,"loc":{"start":{"line":38,"column":21},"end":{"line":44,"column":4}},"locations":[{"start":{"line":38,"column":21},"end":{"line":44,"column":4}}]},"6":{"type":"branch","line":40,"loc":{"start":{"line":40,"column":16},"end":{"line":41,"column":71}},"locations":[{"start":{"line":40,"column":16},"end":{"line":41,"column":71}}]},"7":{"type":"branch","line":41,"loc":{"start":{"line":41,"column":20},"end":{"line":41,"column":67}},"locations":[{"start":{"line":41,"column":20},"end":{"line":41,"column":67}}]},"8":{"type":"branch","line":41,"loc":{"start":{"line":41,"column":63},"end":{"line":41,"column":71}},"locations":[{"start":{"line":41,"column":63},"end":{"line":41,"column":71}}]},"9":{"type":"branch","line":46,"loc":{"start":{"line":46,"column":21},"end":{"line":48,"column":4}},"locations":[{"start":{"line":46,"column":21},"end":{"line":48,"column":4}}]},"10":{"type":"branch","line":47,"loc":{"start":{"line":47,"column":26},"end":{"line":47,"column":50}},"locations":[{"start":{"line":47,"column":26},"end":{"line":47,"column":50}}]},"11":{"type":"branch","line":50,"loc":{"start":{"line":50,"column":38},"end":{"line":50,"column":62}},"locations":[{"start":{"line":50,"column":38},"end":{"line":50,"column":62}}]},"12":{"type":"branch","line":62,"loc":{"start":{"line":62,"column":20},"end":{"line":62,"column":58}},"locations":[{"start":{"line":62,"column":20},"end":{"line":62,"column":58}}]},"13":{"type":"branch","line":64,"loc":{"start":{"line":64,"column":22},"end":{"line":64,"column":60}},"locations":[{"start":{"line":64,"column":22},"end":{"line":64,"column":60}}]},"14":{"type":"branch","line":82,"loc":{"start":{"line":82,"column":19},"end":{"line":104,"column":16}},"locations":[{"start":{"line":82,"column":19},"end":{"line":104,"column":16}}]},"15":{"type":"branch","line":86,"loc":{"start":{"line":86,"column":41},"end":{"line":86,"column":67}},"locations":[{"start":{"line":86,"column":41},"end":{"line":86,"column":67}}]},"16":{"type":"branch","line":86,"loc":{"start":{"line":86,"column":53},"end":{"line":86,"column":69}},"locations":[{"start":{"line":86,"column":53},"end":{"line":86,"column":69}}]},"17":{"type":"branch","line":92,"loc":{"start":{"line":92,"column":24},"end":{"line":92,"column":50}},"locations":[{"start":{"line":92,"column":24},"end":{"line":92,"column":50}}]},"18":{"type":"branch","line":99,"loc":{"start":{"line":99,"column":23},"end":{"line":99,"column":49}},"locations":[{"start":{"line":99,"column":23},"end":{"line":99,"column":49}}]}},"b":{"0":[67],"1":[41],"2":[26],"3":[13],"4":[0],"5":[8],"6":[13],"7":[8],"8":[5],"9":[7],"10":[15],"11":[67],"12":[15],"13":[2],"14":[67],"15":[19],"16":[48],"17":[8],"18":[7]},"fnMap":{"0":{"name":"TodoList","decl":{"start":{"line":14,"column":49},"end":{"line":109,"column":2}},"loc":{"start":{"line":14,"column":49},"end":{"line":109,"column":2}},"line":14},"1":{"name":"addTodo","decl":{"start":{"line":22,"column":18},"end":{"line":36,"column":4}},"loc":{"start":{"line":22,"column":18},"end":{"line":36,"column":4}},"line":22},"2":{"name":"toggleTodo","decl":{"start":{"line":38,"column":21},"end":{"line":44,"column":4}},"loc":{"start":{"line":38,"column":21},"end":{"line":44,"column":4}},"line":38},"3":{"name":"deleteTodo","decl":{"start":{"line":46,"column":21},"end":{"line":48,"column":4}},"loc":{"start":{"line":46,"column":21},"end":{"line":48,"column":4}},"line":46},"4":{"name":"onChange","decl":{"start":{"line":62,"column":20},"end":{"line":62,"column":58}},"loc":{"start":{"line":62,"column":20},"end":{"line":62,"column":58}},"line":62},"5":{"name":"onKeyPress","decl":{"start":{"line":64,"column":22},"end":{"line":64,"column":60}},"loc":{"start":{"line":64,"column":22},"end":{"line":64,"column":60}},"line":64},"6":{"name":"onChange","decl":{"start":{"line":92,"column":24},"end":{"line":92,"column":50}},"loc":{"start":{"line":92,"column":24},"end":{"line":92,"column":50}},"line":92},"7":{"name":"onClick","decl":{"start":{"line":99,"column":23},"end":{"line":99,"column":49}},"loc":{"start":{"line":99,"column":23},"end":{"line":99,"column":49}},"line":99}},"f":{"0":67,"1":13,"2":8,"3":7,"4":15,"5":2,"6":8,"7":7}}
,"C:\\Users\\Ana Luiza\\Documents\\Projetos\\PUC\\vitest-app-demo\\vitest-demo\\src\\components\\UserList\\UserList.tsx": {"path":"C:\\Users\\Ana Luiza\\Documents\\Projetos\\PUC\\vitest-app-demo\\vitest-demo\\src\\components\\UserList\\UserList.tsx","all":false,"statementMap":{"0":{"start":{"line":1,"column":0},"end":{"line":1,"column":73}},"1":{"start":{"line":2,"column":0},"end":{"line":2,"column":55}},"9":{"start":{"line":10,"column":0},"end":{"line":10,"column":51}},"10":{"start":{"line":11,"column":0},"end":{"line":11,"column":33}},"11":{"start":{"line":12,"column":0},"end":{"line":12,"column":23}},"12":{"start":{"line":13,"column":0},"end":{"line":13,"column":7}},"14":{"start":{"line":15,"column":0},"end":{"line":15,"column":29}},"15":{"start":{"line":16,"column":0},"end":{"line":16,"column":49}},"16":{"start":{"line":17,"column":0},"end":{"line":17,"column":24}},"17":{"start":{"line":18,"column":0},"end":{"line":18,"column":4}},"18":{"start":{"line":19,"column":0},"end":{"line":19,"column":49}},"19":{"start":{"line":20,"column":0},"end":{"line":20,"column":70}},"20":{"start":{"line":21,"column":0},"end":{"line":21,"column":57}},"21":{"start":{"line":22,"column":0},"end":{"line":22,"column":57}},"22":{"start":{"line":23,"column":0},"end":{"line":23,"column":49}},"24":{"start":{"line":25,"column":0},"end":{"line":25,"column":45}},"25":{"start":{"line":26,"column":0},"end":{"line":26,"column":21}},"26":{"start":{"line":27,"column":0},"end":{"line":27,"column":17}},"28":{"start":{"line":29,"column":0},"end":{"line":29,"column":9}},"29":{"start":{"line":30,"column":0},"end":{"line":30,"column":52}},"30":{"start":{"line":31,"column":0},"end":{"line":31,"column":26}},"31":{"start":{"line":32,"column":0},"end":{"line":32,"column":19}},"32":{"start":{"line":33,"column":0},"end":{"line":33,"column":76}},"33":{"start":{"line":34,"column":0},"end":{"line":34,"column":15}},"34":{"start":{"line":35,"column":0},"end":{"line":35,"column":24}},"35":{"start":{"line":36,"column":0},"end":{"line":36,"column":5}},"36":{"start":{"line":37,"column":0},"end":{"line":37,"column":19}},"38":{"start":{"line":39,"column":0},"end":{"line":39,"column":19}},"39":{"start":{"line":40,"column":0},"end":{"line":40,"column":16}},"40":{"start":{"line":41,"column":0},"end":{"line":41,"column":18}},"42":{"start":{"line":43,"column":0},"end":{"line":43,"column":50}},"43":{"start":{"line":44,"column":0},"end":{"line":44,"column":26}},"44":{"start":{"line":45,"column":0},"end":{"line":45,"column":21}},"45":{"start":{"line":46,"column":0},"end":{"line":46,"column":17}},"47":{"start":{"line":48,"column":0},"end":{"line":48,"column":9}},"48":{"start":{"line":49,"column":0},"end":{"line":49,"column":59}},"49":{"start":{"line":50,"column":0},"end":{"line":50,"column":26}},"50":{"start":{"line":51,"column":0},"end":{"line":51,"column":19}},"51":{"start":{"line":52,"column":0},"end":{"line":52,"column":15}},"52":{"start":{"line":53,"column":0},"end":{"line":53,"column":72}},"53":{"start":{"line":54,"column":0},"end":{"line":54,"column":8}},"54":{"start":{"line":55,"column":0},"end":{"line":55,"column":15}},"55":{"start":{"line":56,"column":0},"end":{"line":56,"column":24}},"56":{"start":{"line":57,"column":0},"end":{"line":57,"column":5}},"57":{"start":{"line":58,"column":0},"end":{"line":58,"column":4}},"59":{"start":{"line":60,"column":0},"end":{"line":60,"column":10}},"60":{"start":{"line":61,"column":0},"end":{"line":61,"column":52}},"61":{"start":{"line":62,"column":0},"end":{"line":62,"column":36}},"62":{"start":{"line":63,"column":0},"end":{"line":63,"column":31}},"63":{"start":{"line":64,"column":0},"end":{"line":64,"column":43}},"66":{"start":{"line":67,"column":0},"end":{"line":67,"column":14}},"67":{"start":{"line":68,"column":0},"end":{"line":68,"column":16}},"68":{"start":{"line":69,"column":0},"end":{"line":69,"column":74}},"70":{"start":{"line":71,"column":0},"end":{"line":71,"column":17}},"71":{"start":{"line":72,"column":0},"end":{"line":72,"column":16}},"72":{"start":{"line":73,"column":0},"end":{"line":73,"column":73}},"74":{"start":{"line":75,"column":0},"end":{"line":75,"column":17}},"75":{"start":{"line":76,"column":0},"end":{"line":76,"column":16}},"76":{"start":{"line":77,"column":0},"end":{"line":77,"column":74}},"77":{"start":{"line":78,"column":0},"end":{"line":78,"column":17}},"78":{"start":{"line":79,"column":0},"end":{"line":79,"column":16}},"79":{"start":{"line":80,"column":0},"end":{"line":80,"column":71}},"81":{"start":{"line":82,"column":0},"end":{"line":82,"column":17}},"82":{"start":{"line":83,"column":0},"end":{"line":83,"column":15}},"83":{"start":{"line":84,"column":0},"end":{"line":84,"column":14}},"84":{"start":{"line":85,"column":0},"end":{"line":85,"column":12}},"87":{"start":{"line":88,"column":0},"end":{"line":88,"column":17}},"88":{"start":{"line":89,"column":0},"end":{"line":89,"column":51}},"89":{"start":{"line":90,"column":0},"end":{"line":90,"column":24}},"90":{"start":{"line":91,"column":0},"end":{"line":91,"column":14}},"93":{"start":{"line":94,"column":0},"end":{"line":94,"column":39}},"94":{"start":{"line":95,"column":0},"end":{"line":95,"column":31}},"95":{"start":{"line":96,"column":0},"end":{"line":96,"column":23}},"96":{"start":{"line":97,"column":0},"end":{"line":97,"column":16}},"97":{"start":{"line":98,"column":0},"end":{"line":98,"column":41}},"98":{"start":{"line":99,"column":0},"end":{"line":99,"column":27}},"99":{"start":{"line":100,"column":0},"end":{"line":100,"column":32}},"100":{"start":{"line":101,"column":0},"end":{"line":101,"column":30}},"101":{"start":{"line":102,"column":0},"end":{"line":102,"column":35}},"103":{"start":{"line":104,"column":0},"end":{"line":104,"column":41}},"104":{"start":{"line":105,"column":0},"end":{"line":105,"column":65}},"105":{"start":{"line":106,"column":0},"end":{"line":106,"column":18}},"107":{"start":{"line":108,"column":0},"end":{"line":108,"column":40}},"108":{"start":{"line":109,"column":0},"end":{"line":109,"column":38}},"109":{"start":{"line":110,"column":0},"end":{"line":110,"column":60}},"110":{"start":{"line":111,"column":0},"end":{"line":111,"column":16}},"111":{"start":{"line":112,"column":0},"end":{"line":112,"column":32}},"112":{"start":{"line":113,"column":0},"end":{"line":113,"column":16}},"113":{"start":{"line":114,"column":0},"end":{"line":114,"column":27}},"114":{"start":{"line":115,"column":0},"end":{"line":115,"column":50}},"115":{"start":{"line":116,"column":0},"end":{"line":116,"column":38}},"116":{"start":{"line":117,"column":0},"end":{"line":117,"column":62}},"117":{"start":{"line":118,"column":0},"end":{"line":118,"column":17}},"118":{"start":{"line":119,"column":0},"end":{"line":119,"column":52}},"120":{"start":{"line":121,"column":0},"end":{"line":121,"column":42}},"121":{"start":{"line":122,"column":0},"end":{"line":122,"column":51}},"122":{"start":{"line":123,"column":0},"end":{"line":123,"column":44}},"123":{"start":{"line":124,"column":0},"end":{"line":124,"column":18}},"124":{"start":{"line":125,"column":0},"end":{"line":125,"column":13}},"125":{"start":{"line":126,"column":0},"end":{"line":126,"column":14}},"127":{"start":{"line":128,"column":0},"end":{"line":128,"column":26}},"128":{"start":{"line":129,"column":0},"end":{"line":129,"column":40}},"129":{"start":{"line":130,"column":0},"end":{"line":130,"column":42}},"130":{"start":{"line":131,"column":0},"end":{"line":131,"column":52}},"131":{"start":{"line":132,"column":0},"end":{"line":132,"column":18}},"132":{"start":{"line":133,"column":0},"end":{"line":133,"column":42}},"133":{"start":{"line":134,"column":0},"end":{"line":134,"column":54}},"134":{"start":{"line":135,"column":0},"end":{"line":135,"column":68}},"136":{"start":{"line":137,"column":0},"end":{"line":137,"column":22}},"138":{"start":{"line":139,"column":0},"end":{"line":139,"column":40}},"139":{"start":{"line":140,"column":0},"end":{"line":140,"column":20}},"140":{"start":{"line":141,"column":0},"end":{"line":141,"column":31}},"141":{"start":{"line":142,"column":0},"end":{"line":142,"column":49}},"142":{"start":{"line":143,"column":0},"end":{"line":143,"column":39}},"144":{"start":{"line":145,"column":0},"end":{"line":145,"column":39}},"145":{"start":{"line":146,"column":0},"end":{"line":146,"column":36}},"146":{"start":{"line":147,"column":0},"end":{"line":147,"column":22}},"147":{"start":{"line":148,"column":0},"end":{"line":148,"column":17}},"148":{"start":{"line":149,"column":0},"end":{"line":149,"column":18}},"149":{"start":{"line":150,"column":0},"end":{"line":150,"column":16}},"151":{"start":{"line":152,"column":0},"end":{"line":152,"column":12}},"153":{"start":{"line":154,"column":0},"end":{"line":154,"column":13}},"154":{"start":{"line":155,"column":0},"end":{"line":155,"column":36}},"155":{"start":{"line":156,"column":0},"end":{"line":156,"column":27}},"156":{"start":{"line":157,"column":0},"end":{"line":157,"column":26}},"157":{"start":{"line":158,"column":0},"end":{"line":158,"column":7}},"159":{"start":{"line":160,"column":0},"end":{"line":160,"column":15}},"160":{"start":{"line":161,"column":0},"end":{"line":161,"column":10}},"162":{"start":{"line":163,"column":0},"end":{"line":163,"column":2}}},"s":{"0":1,"1":1,"9":1,"10":89,"11":89,"12":89,"14":89,"15":89,"16":89,"17":89,"18":89,"19":89,"20":89,"21":89,"22":89,"24":89,"25":24,"26":24,"28":24,"29":24,"30":19,"31":24,"32":5,"33":24,"34":24,"35":24,"36":89,"38":89,"39":21,"40":89,"42":89,"43":10,"44":10,"45":10,"47":10,"48":10,"49":7,"50":8,"51":3,"52":3,"53":3,"54":10,"55":10,"56":10,"57":10,"59":89,"60":89,"61":89,"62":89,"63":89,"66":89,"67":89,"68":89,"70":89,"71":89,"72":89,"74":89,"75":89,"76":89,"77":89,"78":89,"79":89,"81":89,"82":89,"83":89,"84":89,"87":89,"88":8,"89":8,"90":8,"93":89,"94":89,"95":89,"96":34,"97":34,"98":34,"99":34,"100":34,"101":34,"103":34,"104":34,"105":34,"107":89,"108":89,"109":89,"110":89,"111":89,"112":57,"113":57,"114":57,"115":57,"116":57,"117":57,"118":57,"120":57,"121":57,"122":57,"123":57,"124":89,"125":89,"127":89,"128":20,"129":20,"130":20,"131":20,"132":20,"133":20,"134":6,"136":6,"138":20,"139":7,"140":7,"141":7,"142":7,"144":7,"145":7,"146":7,"147":20,"148":20,"149":20,"151":89,"153":89,"154":89,"155":89,"156":89,"157":89,"159":89,"160":89,"162":89},"branchMap":{"0":{"type":"branch","line":10,"loc":{"start":{"line":10,"column":49},"end":{"line":163,"column":2}},"locations":[{"start":{"line":10,"column":49},"end":{"line":163,"column":2}}]},"1":{"type":"branch","line":88,"loc":{"start":{"line":88,"column":7},"end":{"line":91,"column":14}},"locations":[{"start":{"line":88,"column":7},"end":{"line":91,"column":14}}]},"2":{"type":"branch","line":96,"loc":{"start":{"line":96,"column":11},"end":{"line":106,"column":18}},"locations":[{"start":{"line":96,"column":11},"end":{"line":106,"column":18}}]},"3":{"type":"branch","line":128,"loc":{"start":{"line":128,"column":9},"end":{"line":150,"column":16}},"locations":[{"start":{"line":128,"column":9},"end":{"line":150,"column":16}}]},"4":{"type":"branch","line":134,"loc":{"start":{"line":134,"column":36},"end":{"line":134,"column":54}},"locations":[{"start":{"line":134,"column":36},"end":{"line":134,"column":54}}]},"5":{"type":"branch","line":134,"loc":{"start":{"line":134,"column":42},"end":{"line":137,"column":22}},"locations":[{"start":{"line":134,"column":42},"end":{"line":137,"column":22}}]},"6":{"type":"branch","line":16,"loc":{"start":{"line":16,"column":4},"end":{"line":16,"column":49}},"locations":[{"start":{"line":16,"column":4},"end":{"line":16,"column":49}}]},"7":{"type":"branch","line":16,"loc":{"start":{"line":16,"column":10},"end":{"line":16,"column":49}},"locations":[{"start":{"line":16,"column":10},"end":{"line":16,"column":49}}]},"8":{"type":"branch","line":25,"loc":{"start":{"line":25,"column":32},"end":{"line":37,"column":5}},"locations":[{"start":{"line":25,"column":32},"end":{"line":37,"column":5}}]},"9":{"type":"branch","line":30,"loc":{"start":{"line":30,"column":50},"end":{"line":32,"column":13}},"locations":[{"start":{"line":30,"column":50},"end":{"line":32,"column":13}}]},"10":{"type":"branch","line":32,"loc":{"start":{"line":32,"column":4},"end":{"line":34,"column":6}},"locations":[{"start":{"line":32,"column":4},"end":{"line":34,"column":6}}]},"11":{"type":"branch","line":33,"loc":{"start":{"line":33,"column":30},"end":{"line":33,"column":52}},"locations":[{"start":{"line":33,"column":30},"end":{"line":33,"column":52}}]},"12":{"type":"branch","line":33,"loc":{"start":{"line":33,"column":42},"end":{"line":33,"column":74}},"locations":[{"start":{"line":33,"column":42},"end":{"line":33,"column":74}}]},"13":{"type":"branch","line":39,"loc":{"start":{"line":39,"column":12},"end":{"line":41,"column":5}},"locations":[{"start":{"line":39,"column":12},"end":{"line":41,"column":5}}]},"14":{"type":"branch","line":43,"loc":{"start":{"line":43,"column":27},"end":{"line":58,"column":4}},"locations":[{"start":{"line":43,"column":27},"end":{"line":58,"column":4}}]},"15":{"type":"branch","line":49,"loc":{"start":{"line":49,"column":57},"end":{"line":55,"column":6}},"locations":[{"start":{"line":49,"column":57},"end":{"line":55,"column":6}}]},"16":{"type":"branch","line":49,"loc":{"start":{"line":49,"column":57},"end":{"line":51,"column":13}},"locations":[{"start":{"line":49,"column":57},"end":{"line":51,"column":13}}]},"17":{"type":"branch","line":51,"loc":{"start":{"line":51,"column":4},"end":{"line":55,"column":6}},"locations":[{"start":{"line":51,"column":4},"end":{"line":55,"column":6}}]},"18":{"type":"branch","line":53,"loc":{"start":{"line":53,"column":23},"end":{"line":53,"column":45}},"locations":[{"start":{"line":53,"column":23},"end":{"line":53,"column":45}}]},"19":{"type":"branch","line":53,"loc":{"start":{"line":53,"column":35},"end":{"line":53,"column":72}},"locations":[{"start":{"line":53,"column":35},"end":{"line":53,"column":72}}]},"20":{"type":"branch","line":112,"loc":{"start":{"line":112,"column":21},"end":{"line":124,"column":18}},"locations":[{"start":{"line":112,"column":21},"end":{"line":124,"column":18}}]},"21":{"type":"branch","line":117,"loc":{"start":{"line":117,"column":16},"end":{"line":117,"column":37}},"locations":[{"start":{"line":117,"column":16},"end":{"line":117,"column":37}}]},"22":{"type":"branch","line":117,"loc":{"start":{"line":117,"column":42},"end":{"line":117,"column":60}},"locations":[{"start":{"line":117,"column":42},"end":{"line":117,"column":60}}]},"23":{"type":"branch","line":117,"loc":{"start":{"line":117,"column":47},"end":{"line":117,"column":62}},"locations":[{"start":{"line":117,"column":47},"end":{"line":117,"column":62}}]},"24":{"type":"branch","line":119,"loc":{"start":{"line":119,"column":23},"end":{"line":119,"column":52}},"locations":[{"start":{"line":119,"column":23},"end":{"line":119,"column":52}}]},"25":{"type":"branch","line":139,"loc":{"start":{"line":139,"column":29},"end":{"line":147,"column":22}},"locations":[{"start":{"line":139,"column":29},"end":{"line":147,"column":22}}]}},"b":{"0":[89],"1":[8],"2":[34],"3":[20],"4":[15],"5":[6],"6":[21],"7":[0],"8":[24],"9":[19],"10":[5],"11":[4],"12":[1],"13":[21],"14":[10],"15":[8],"16":[7],"17":[3],"18":[2],"19":[1],"20":[57],"21":[32],"22":[20],"23":[37],"24":[10],"25":[7]},"fnMap":{"0":{"name":"UserList","decl":{"start":{"line":10,"column":49},"end":{"line":163,"column":2}},"loc":{"start":{"line":10,"column":49},"end":{"line":163,"column":2}},"line":10},"1":{"name":"handleUserSelect","decl":{"start":{"line":43,"column":27},"end":{"line":58,"column":4}},"loc":{"start":{"line":43,"column":27},"end":{"line":58,"column":4}},"line":43},"2":{"name":"onClick","decl":{"start":{"line":119,"column":23},"end":{"line":119,"column":52}},"loc":{"start":{"line":119,"column":23},"end":{"line":119,"column":52}},"line":119}},"f":{"0":89,"1":10,"2":10}}
,"C:\\Users\\Ana Luiza\\Documents\\Projetos\\PUC\\vitest-app-demo\\vitest-demo\\src\\services\\apiService.ts": {"path":"C:\\Users\\Ana Luiza\\Documents\\Projetos\\PUC\\vitest-app-demo\\vitest-demo\\src\\services\\apiService.ts","all":false,"statementMap":{"14":{"start":{"line":15,"column":0},"end":{"line":15,"column":25}},"15":{"start":{"line":16,"column":0},"end":{"line":16,"column":59}},"17":{"start":{"line":18,"column":0},"end":{"line":18,"column":37}},"18":{"start":{"line":19,"column":0},"end":{"line":19,"column":58}},"19":{"start":{"line":20,"column":0},"end":{"line":20,"column":23}},"20":{"start":{"line":21,"column":0},"end":{"line":21,"column":64}},"21":{"start":{"line":22,"column":0},"end":{"line":22,"column":5}},"22":{"start":{"line":23,"column":0},"end":{"line":23,"column":27}},"23":{"start":{"line":24,"column":0},"end":{"line":24,"column":3}},"25":{"start":{"line":26,"column":0},"end":{"line":26,"column":44}},"26":{"start":{"line":27,"column":0},"end":{"line":27,"column":64}},"27":{"start":{"line":28,"column":0},"end":{"line":28,"column":23}},"28":{"start":{"line":29,"column":0},"end":{"line":29,"column":64}},"29":{"start":{"line":30,"column":0},"end":{"line":30,"column":5}},"30":{"start":{"line":31,"column":0},"end":{"line":31,"column":27}},"31":{"start":{"line":32,"column":0},"end":{"line":32,"column":3}},"33":{"start":{"line":34,"column":0},"end":{"line":34,"column":55}},"34":{"start":{"line":35,"column":0},"end":{"line":35,"column":75}},"35":{"start":{"line":36,"column":0},"end":{"line":36,"column":23}},"36":{"start":{"line":37,"column":0},"end":{"line":37,"column":64}},"37":{"start":{"line":38,"column":0},"end":{"line":38,"column":5}},"38":{"start":{"line":39,"column":0},"end":{"line":39,"column":27}},"39":{"start":{"line":40,"column":0},"end":{"line":40,"column":3}},"41":{"start":{"line":42,"column":0},"end":{"line":42,"column":59}},"42":{"start":{"line":43,"column":0},"end":{"line":43,"column":59}},"43":{"start":{"line":44,"column":0},"end":{"line":44,"column":21}},"44":{"start":{"line":45,"column":0},"end":{"line":45,"column":16}},"45":{"start":{"line":46,"column":0},"end":{"line":46,"column":43}},"46":{"start":{"line":47,"column":0},"end":{"line":47,"column":8}},"47":{"start":{"line":48,"column":0},"end":{"line":48,"column":33}},"48":{"start":{"line":49,"column":0},"end":{"line":49,"column":7}},"50":{"start":{"line":51,"column":0},"end":{"line":51,"column":23}},"51":{"start":{"line":52,"column":0},"end":{"line":52,"column":64}},"52":{"start":{"line":53,"column":0},"end":{"line":53,"column":5}},"54":{"start":{"line":55,"column":0},"end":{"line":55,"column":27}},"55":{"start":{"line":56,"column":0},"end":{"line":56,"column":3}},"56":{"start":{"line":57,"column":0},"end":{"line":57,"column":1}}},"s":{"14":1,"15":13,"17":13,"18":6,"19":6,"20":1,"21":1,"22":3,"23":6,"25":13,"26":4,"27":4,"28":1,"29":1,"30":3,"31":4,"33":13,"34":2,"35":2,"36":0,"37":0,"38":2,"39":2,"41":13,"42":2,"43":2,"44":2,"45":2,"46":2,"47":2,"48":2,"50":2,"51":1,"52":1,"54":1,"55":2,"56":13},"branchMap":{"0":{"type":"branch","line":15,"loc":{"start":{"line":15,"column":7},"end":{"line":57,"column":1}},"locations":[{"start":{"line":15,"column":7},"end":{"line":57,"column":1}}]},"1":{"type":"branch","line":18,"loc":{"start":{"line":18,"column":2},"end":{"line":24,"column":3}},"locations":[{"start":{"line":18,"column":2},"end":{"line":24,"column":3}}]},"2":{"type":"branch","line":19,"loc":{"start":{"line":19,"column":56},"end":{"line":20,"column":22}},"locations":[{"start":{"line":19,"column":56},"end":{"line":20,"column":22}}]},"3":{"type":"branch","line":20,"loc":{"start":{"line":20,"column":22},"end":{"line":22,"column":5}},"locations":[{"start":{"line":20,"column":22},"end":{"line":22,"column":5}}]},"4":{"type":"branch","line":22,"loc":{"start":{"line":22,"column":4},"end":{"line":23,"column":27}},"locations":[{"start":{"line":22,"column":4},"end":{"line":23,"column":27}}]},"5":{"type":"branch","line":26,"loc":{"start":{"line":26,"column":2},"end":{"line":32,"column":3}},"locations":[{"start":{"line":26,"column":2},"end":{"line":32,"column":3}}]},"6":{"type":"branch","line":28,"loc":{"start":{"line":28,"column":22},"end":{"line":30,"column":5}},"locations":[{"start":{"line":28,"column":22},"end":{"line":30,"column":5}}]},"7":{"type":"branch","line":30,"loc":{"start":{"line":30,"column":4},"end":{"line":31,"column":27}},"locations":[{"start":{"line":30,"column":4},"end":{"line":31,"column":27}}]},"8":{"type":"branch","line":34,"loc":{"start":{"line":34,"column":2},"end":{"line":40,"column":3}},"locations":[{"start":{"line":34,"column":2},"end":{"line":40,"column":3}}]},"9":{"type":"branch","line":36,"loc":{"start":{"line":36,"column":22},"end":{"line":38,"column":5}},"locations":[{"start":{"line":36,"column":22},"end":{"line":38,"column":5}}]},"10":{"type":"branch","line":42,"loc":{"start":{"line":42,"column":2},"end":{"line":56,"column":3}},"locations":[{"start":{"line":42,"column":2},"end":{"line":56,"column":3}}]},"11":{"type":"branch","line":51,"loc":{"start":{"line":51,"column":22},"end":{"line":55,"column":27}},"locations":[{"start":{"line":51,"column":22},"end":{"line":55,"column":27}}]}},"b":{"0":[13],"1":[6],"2":[4],"3":[1],"4":[3],"5":[4],"6":[1],"7":[3],"8":[2],"9":[0],"10":[2],"11":[1]},"fnMap":{"0":{"name":"<instance_members_initializer>","decl":{"start":{"line":15,"column":7},"end":{"line":57,"column":1}},"loc":{"start":{"line":15,"column":7},"end":{"line":57,"column":1}},"line":15},"1":{"name":"getUsers","decl":{"start":{"line":18,"column":2},"end":{"line":24,"column":3}},"loc":{"start":{"line":18,"column":2},"end":{"line":24,"column":3}},"line":18},"2":{"name":"getUser","decl":{"start":{"line":26,"column":2},"end":{"line":32,"column":3}},"loc":{"start":{"line":26,"column":2},"end":{"line":32,"column":3}},"line":26},"3":{"name":"getUserPosts","decl":{"start":{"line":34,"column":2},"end":{"line":40,"column":3}},"loc":{"start":{"line":34,"column":2},"end":{"line":40,"column":3}},"line":34},"4":{"name":"createPost","decl":{"start":{"line":42,"column":2},"end":{"line":56,"column":3}},"loc":{"start":{"line":42,"column":2},"end":{"line":56,"column":3}},"line":42}},"f":{"0":13,"1":6,"2":4,"3":2,"4":2}}
,"C:\\Users\\Ana Luiza\\Documents\\Projetos\\PUC\\vitest-app-demo\\vitest-demo\\src\\utils\\calculator.bench.ts": {"path":"C:\\Users\\Ana Luiza\\Documents\\Projetos\\PUC\\vitest-app-demo\\vitest-demo\\src\\utils\\calculator.bench.ts","all":true,"statementMap":{"0":{"start":{"line":1,"column":0},"end":{"line":1,"column":27}},"1":{"start":{"line":2,"column":0},"end":{"line":2,"column":17}},"2":{"start":{"line":3,"column":0},"end":{"line":3,"column":0}},"3":{"start":{"line":4,"column":0},"end":{"line":4,"column":31}},"4":{"start":{"line":5,"column":0},"end":{"line":5,"column":37}},"5":{"start":{"line":6,"column":0},"end":{"line":6,"column":0}},"6":{"start":{"line":7,"column":0},"end":{"line":7,"column":32}},"7":{"start":{"line":8,"column":0},"end":{"line":8,"column":0}},"8":{"start":{"line":9,"column":0},"end":{"line":9,"column":38}},"9":{"start":{"line":10,"column":0},"end":{"line":10,"column":14}},"10":{"start":{"line":11,"column":0},"end":{"line":11,"column":39}},"11":{"start":{"line":12,"column":0},"end":{"line":12,"column":33}},"12":{"start":{"line":13,"column":0},"end":{"line":13,"column":3}},"13":{"start":{"line":14,"column":0},"end":{"line":14,"column":3}},"14":{"start":{"line":15,"column":0},"end":{"line":15,"column":0}},"15":{"start":{"line":16,"column":0},"end":{"line":16,"column":38}},"16":{"start":{"line":17,"column":0},"end":{"line":17,"column":18}},"17":{"start":{"line":18,"column":0},"end":{"line":18,"column":37}},"18":{"start":{"line":19,"column":0},"end":{"line":19,"column":46}},"19":{"start":{"line":20,"column":0},"end":{"line":20,"column":3}},"20":{"start":{"line":21,"column":0},"end":{"line":21,"column":3}},"21":{"start":{"line":22,"column":0},"end":{"line":22,"column":0}},"22":{"start":{"line":23,"column":0},"end":{"line":23,"column":36}},"23":{"start":{"line":24,"column":0},"end":{"line":24,"column":24}},"24":{"start":{"line":25,"column":0},"end":{"line":25,"column":37}},"25":{"start":{"line":26,"column":0},"end":{"line":26,"column":40}},"26":{"start":{"line":27,"column":0},"end":{"line":27,"column":3}},"27":{"start":{"line":28,"column":0},"end":{"line":28,"column":3}},"28":{"start":{"line":29,"column":0},"end":{"line":29,"column":0}},"29":{"start":{"line":30,"column":0},"end":{"line":30,"column":32}},"30":{"start":{"line":31,"column":0},"end":{"line":31,"column":17}},"31":{"start":{"line":32,"column":0},"end":{"line":32,"column":36}},"32":{"start":{"line":33,"column":0},"end":{"line":33,"column":46}},"33":{"start":{"line":34,"column":0},"end":{"line":34,"column":3}},"34":{"start":{"line":35,"column":0},"end":{"line":35,"column":3}}},"s":{"0":0,"1":0,"2":0,"3":0,"4":0,"5":0,"6":0,"7":0,"8":0,"9":0,"10":0,"11":0,"12":0,"13":0,"14":0,"15":0,"16":0,"17":0,"18":0,"19":0,"20":0,"21":0,"22":0,"23":0,"24":0,"25":0,"26":0,"27":0,"28":0,"29":0,"30":0,"31":0,"32":0,"33":0,"34":0},"branchMap":{"0":{"type":"branch","line":1,"loc":{"start":{"line":1,"column":0},"end":{"line":35,"column":3}},"locations":[{"start":{"line":1,"column":0},"end":{"line":35,"column":3}}]}},"b":{"0":[0]},"fnMap":{"0":{"name":"(empty-report)","decl":{"start":{"line":1,"column":0},"end":{"line":35,"column":3}},"loc":{"start":{"line":1,"column":0},"end":{"line":35,"column":3}},"line":1}},"f":{"0":0}}
,"C:\\Users\\Ana Luiza\\Documents\\Projetos\\PUC\\vitest-app-demo\\vitest-demo\\src\\utils\\index.ts": {"path":"C:\\Users\\Ana Luiza\\Documents\\Projetos\\PUC\\vitest-app-demo\\vitest-demo\\src\\utils\\index.ts","all":false,"statementMap":{"1":{"start":{"line":2,"column":0},"end":{"line":2,"column":30}},"2":{"start":{"line":3,"column":0},"end":{"line":3,"column":10}},"3":{"start":{"line":4,"column":0},"end":{"line":4,"column":49}},"4":{"start":{"line":5,"column":0},"end":{"line":5,"column":54}},"5":{"start":{"line":6,"column":0},"end":{"line":6,"column":54}},"6":{"start":{"line":7,"column":0},"end":{"line":7,"column":47}},"7":{"start":{"line":8,"column":0},"end":{"line":8,"column":20}},"8":{"start":{"line":9,"column":0},"end":{"line":9,"column":59}},"9":{"start":{"line":10,"column":0},"end":{"line":10,"column":7}},"10":{"start":{"line":11,"column":0},"end":{"line":11,"column":19}},"11":{"start":{"line":12,"column":0},"end":{"line":12,"column":6}},"12":{"start":{"line":13,"column":0},"end":{"line":13,"column":56}},"13":{"start":{"line":14,"column":0},"end":{"line":14,"column":25}},"14":{"start":{"line":15,"column":0},"end":{"line":15,"column":60}},"15":{"start":{"line":16,"column":0},"end":{"line":16,"column":7}},"16":{"start":{"line":17,"column":0},"end":{"line":17,"column":38}},"17":{"start":{"line":18,"column":0},"end":{"line":18,"column":6}},"18":{"start":{"line":19,"column":0},"end":{"line":19,"column":4}},"19":{"start":{"line":20,"column":0},"end":{"line":20,"column":1}},"22":{"start":{"line":23,"column":0},"end":{"line":23,"column":30}},"23":{"start":{"line":24,"column":0},"end":{"line":24,"column":41}},"24":{"start":{"line":25,"column":0},"end":{"line":25,"column":42}},"26":{"start":{"line":27,"column":0},"end":{"line":27,"column":79}},"27":{"start":{"line":28,"column":0},"end":{"line":28,"column":32}},"30":{"start":{"line":31,"column":0},"end":{"line":31,"column":41}},"31":{"start":{"line":32,"column":0},"end":{"line":32,"column":37}},"32":{"start":{"line":33,"column":0},"end":{"line":33,"column":5}},"34":{"start":{"line":35,"column":0},"end":{"line":35,"column":41}},"35":{"start":{"line":36,"column":0},"end":{"line":36,"column":36}},"36":{"start":{"line":37,"column":0},"end":{"line":37,"column":5}},"39":{"start":{"line":40,"column":0},"end":{"line":40,"column":52}},"40":{"start":{"line":41,"column":0},"end":{"line":41,"column":34}},"41":{"start":{"line":42,"column":0},"end":{"line":42,"column":42}},"42":{"start":{"line":43,"column":0},"end":{"line":43,"column":5}},"45":{"start":{"line":46,"column":0},"end":{"line":46,"column":54}},"46":{"start":{"line":47,"column":0},"end":{"line":47,"column":39}},"47":{"start":{"line":48,"column":0},"end":{"line":48,"column":68}},"48":{"start":{"line":49,"column":0},"end":{"line":49,"column":40}},"49":{"start":{"line":50,"column":0},"end":{"line":50,"column":5}},"51":{"start":{"line":52,"column":0},"end":{"line":52,"column":12}},"52":{"start":{"line":53,"column":0},"end":{"line":53,"column":35}},"53":{"start":{"line":54,"column":0},"end":{"line":54,"column":13}},"54":{"start":{"line":55,"column":0},"end":{"line":55,"column":6}},"55":{"start":{"line":56,"column":0},"end":{"line":56,"column":3}},"56":{"start":{"line":57,"column":0},"end":{"line":57,"column":1}},"59":{"start":{"line":60,"column":0},"end":{"line":60,"column":26}},"60":{"start":{"line":61,"column":0},"end":{"line":61,"column":24}},"65":{"start":{"line":66,"column":0},"end":{"line":66,"column":10}},"66":{"start":{"line":67,"column":0},"end":{"line":67,"column":21}},"68":{"start":{"line":69,"column":0},"end":{"line":69,"column":51}},"70":{"start":{"line":71,"column":0},"end":{"line":71,"column":60}},"71":{"start":{"line":72,"column":0},"end":{"line":72,"column":30}},"72":{"start":{"line":73,"column":0},"end":{"line":73,"column":72}},"73":{"start":{"line":74,"column":0},"end":{"line":74,"column":5}},"76":{"start":{"line":77,"column":0},"end":{"line":77,"column":18}},"77":{"start":{"line":78,"column":0},"end":{"line":78,"column":24}},"78":{"start":{"line":79,"column":0},"end":{"line":79,"column":24}},"79":{"start":{"line":80,"column":0},"end":{"line":80,"column":33}},"80":{"start":{"line":81,"column":0},"end":{"line":81,"column":19}},"81":{"start":{"line":82,"column":0},"end":{"line":82,"column":6}},"83":{"start":{"line":84,"column":0},"end":{"line":84,"column":26}},"84":{"start":{"line":85,"column":0},"end":{"line":85,"column":19}},"85":{"start":{"line":86,"column":0},"end":{"line":86,"column":3}},"87":{"start":{"line":88,"column":0},"end":{"line":88,"column":23}},"88":{"start":{"line":89,"column":0},"end":{"line":89,"column":53}},"89":{"start":{"line":90,"column":0},"end":{"line":90,"column":3}},"91":{"start":{"line":92,"column":0},"end":{"line":92,"column":17}},"92":{"start":{"line":93,"column":0},"end":{"line":93,"column":27}},"93":{"start":{"line":94,"column":0},"end":{"line":94,"column":3}},"95":{"start":{"line":96,"column":0},"end":{"line":96,"column":39}},"96":{"start":{"line":97,"column":0},"end":{"line":97,"column":59}},"97":{"start":{"line":98,"column":0},"end":{"line":98,"column":15}},"98":{"start":{"line":99,"column":0},"end":{"line":99,"column":26}},"99":{"start":{"line":100,"column":0},"end":{"line":100,"column":18}},"100":{"start":{"line":101,"column":0},"end":{"line":101,"column":5}},"101":{"start":{"line":102,"column":0},"end":{"line":102,"column":17}},"102":{"start":{"line":103,"column":0},"end":{"line":103,"column":3}},"103":{"start":{"line":104,"column":0},"end":{"line":104,"column":1}}},"s":{"1":1,"2":105,"3":105,"4":105,"5":105,"6":105,"7":24,"8":8,"9":8,"10":16,"11":24,"12":105,"13":37,"14":10,"15":10,"16":27,"17":37,"18":105,"19":105,"22":1,"23":1,"24":1,"26":1,"27":38,"30":38,"31":3,"32":3,"34":38,"35":1,"36":1,"39":38,"40":38,"41":12,"42":12,"45":38,"46":38,"47":38,"48":5,"49":5,"51":38,"52":38,"53":38,"54":38,"55":38,"56":1,"59":1,"60":17,"65":17,"66":17,"68":17,"70":18,"71":18,"72":3,"73":3,"76":15,"77":15,"78":15,"79":15,"80":15,"81":15,"83":15,"84":15,"85":18,"87":17,"88":11,"89":11,"91":17,"92":6,"93":6,"95":17,"96":4,"97":4,"98":3,"99":3,"100":3,"101":1,"102":4,"103":17},"branchMap":{"0":{"type":"branch","line":2,"loc":{"start":{"line":2,"column":7},"end":{"line":20,"column":1}},"locations":[{"start":{"line":2,"column":7},"end":{"line":20,"column":1}}]},"1":{"type":"branch","line":4,"loc":{"start":{"line":4,"column":9},"end":{"line":4,"column":49}},"locations":[{"start":{"line":4,"column":9},"end":{"line":4,"column":49}}]},"2":{"type":"branch","line":5,"loc":{"start":{"line":5,"column":14},"end":{"line":5,"column":54}},"locations":[{"start":{"line":5,"column":14},"end":{"line":5,"column":54}}]},"3":{"type":"branch","line":6,"loc":{"start":{"line":6,"column":14},"end":{"line":6,"column":54}},"locations":[{"start":{"line":6,"column":14},"end":{"line":6,"column":54}}]},"4":{"type":"branch","line":7,"loc":{"start":{"line":7,"column":12},"end":{"line":12,"column":6}},"locations":[{"start":{"line":7,"column":12},"end":{"line":12,"column":6}}]},"5":{"type":"branch","line":8,"loc":{"start":{"line":8,"column":19},"end":{"line":11,"column":19}},"locations":[{"start":{"line":8,"column":19},"end":{"line":11,"column":19}}]},"6":{"type":"branch","line":8,"loc":{"start":{"line":8,"column":19},"end":{"line":10,"column":7}},"locations":[{"start":{"line":8,"column":19},"end":{"line":10,"column":7}}]},"7":{"type":"branch","line":10,"loc":{"start":{"line":10,"column":6},"end":{"line":11,"column":19}},"locations":[{"start":{"line":10,"column":6},"end":{"line":11,"column":19}}]},"8":{"type":"branch","line":13,"loc":{"start":{"line":13,"column":11},"end":{"line":18,"column":6}},"locations":[{"start":{"line":13,"column":11},"end":{"line":18,"column":6}}]},"9":{"type":"branch","line":14,"loc":{"start":{"line":14,"column":24},"end":{"line":17,"column":38}},"locations":[{"start":{"line":14,"column":24},"end":{"line":17,"column":38}}]},"10":{"type":"branch","line":14,"loc":{"start":{"line":14,"column":24},"end":{"line":16,"column":7}},"locations":[{"start":{"line":14,"column":24},"end":{"line":16,"column":7}}]},"11":{"type":"branch","line":16,"loc":{"start":{"line":16,"column":6},"end":{"line":17,"column":38}},"locations":[{"start":{"line":16,"column":6},"end":{"line":17,"column":38}}]},"12":{"type":"branch","line":25,"loc":{"start":{"line":25,"column":2},"end":{"line":25,"column":42}},"locations":[{"start":{"line":25,"column":2},"end":{"line":25,"column":42}}]},"13":{"type":"branch","line":27,"loc":{"start":{"line":27,"column":9},"end":{"line":56,"column":3}},"locations":[{"start":{"line":27,"column":9},"end":{"line":56,"column":3}}]},"14":{"type":"branch","line":31,"loc":{"start":{"line":31,"column":40},"end":{"line":33,"column":5}},"locations":[{"start":{"line":31,"column":40},"end":{"line":33,"column":5}}]},"15":{"type":"branch","line":35,"loc":{"start":{"line":35,"column":40},"end":{"line":37,"column":5}},"locations":[{"start":{"line":35,"column":40},"end":{"line":37,"column":5}}]},"16":{"type":"branch","line":41,"loc":{"start":{"line":41,"column":33},"end":{"line":43,"column":5}},"locations":[{"start":{"line":41,"column":33},"end":{"line":43,"column":5}}]},"17":{"type":"branch","line":48,"loc":{"start":{"line":48,"column":8},"end":{"line":48,"column":67}},"locations":[{"start":{"line":48,"column":8},"end":{"line":48,"column":67}}]},"18":{"type":"branch","line":48,"loc":{"start":{"line":48,"column":67},"end":{"line":50,"column":5}},"locations":[{"start":{"line":48,"column":67},"end":{"line":50,"column":5}}]},"19":{"type":"branch","line":60,"loc":{"start":{"line":60,"column":7},"end":{"line":104,"column":1}},"locations":[{"start":{"line":60,"column":7},"end":{"line":104,"column":1}}]},"20":{"type":"branch","line":69,"loc":{"start":{"line":69,"column":2},"end":{"line":86,"column":3}},"locations":[{"start":{"line":69,"column":2},"end":{"line":86,"column":3}}]},"21":{"type":"branch","line":72,"loc":{"start":{"line":72,"column":29},"end":{"line":74,"column":5}},"locations":[{"start":{"line":72,"column":29},"end":{"line":74,"column":5}}]},"22":{"type":"branch","line":74,"loc":{"start":{"line":74,"column":4},"end":{"line":85,"column":19}},"locations":[{"start":{"line":74,"column":4},"end":{"line":85,"column":19}}]},"23":{"type":"branch","line":88,"loc":{"start":{"line":88,"column":2},"end":{"line":90,"column":3}},"locations":[{"start":{"line":88,"column":2},"end":{"line":90,"column":3}}]},"24":{"type":"branch","line":89,"loc":{"start":{"line":89,"column":27},"end":{"line":89,"column":51}},"locations":[{"start":{"line":89,"column":27},"end":{"line":89,"column":51}}]},"25":{"type":"branch","line":92,"loc":{"start":{"line":92,"column":2},"end":{"line":94,"column":3}},"locations":[{"start":{"line":92,"column":2},"end":{"line":94,"column":3}}]},"26":{"type":"branch","line":96,"loc":{"start":{"line":96,"column":2},"end":{"line":103,"column":3}},"locations":[{"start":{"line":96,"column":2},"end":{"line":103,"column":3}}]},"27":{"type":"branch","line":98,"loc":{"start":{"line":98,"column":14},"end":{"line":101,"column":5}},"locations":[{"start":{"line":98,"column":14},"end":{"line":101,"column":5}}]},"28":{"type":"branch","line":101,"loc":{"start":{"line":101,"column":4},"end":{"line":102,"column":17}},"locations":[{"start":{"line":101,"column":4},"end":{"line":102,"column":17}}]},"29":{"type":"branch","line":97,"loc":{"start":{"line":97,"column":33},"end":{"line":97,"column":57}},"locations":[{"start":{"line":97,"column":33},"end":{"line":97,"column":57}}]}},"b":{"0":[105],"1":[23],"2":[10],"3":[13],"4":[24],"5":[23],"6":[8],"7":[16],"8":[37],"9":[36],"10":[10],"11":[27],"12":[6],"13":[38],"14":[3],"15":[1],"16":[12],"17":[31],"18":[5],"19":[17],"20":[18],"21":[3],"22":[15],"23":[11],"24":[11],"25":[6],"26":[4],"27":[3],"28":[1],"29":[3]},"fnMap":{"0":{"name":"Calculator","decl":{"start":{"line":2,"column":7},"end":{"line":20,"column":1}},"loc":{"start":{"line":2,"column":7},"end":{"line":20,"column":1}},"line":2},"1":{"name":"add","decl":{"start":{"line":4,"column":9},"end":{"line":4,"column":49}},"loc":{"start":{"line":4,"column":9},"end":{"line":4,"column":49}},"line":4},"2":{"name":"subtract","decl":{"start":{"line":5,"column":14},"end":{"line":5,"column":54}},"loc":{"start":{"line":5,"column":14},"end":{"line":5,"column":54}},"line":5},"3":{"name":"multiply","decl":{"start":{"line":6,"column":14},"end":{"line":6,"column":54}},"loc":{"start":{"line":6,"column":14},"end":{"line":6,"column":54}},"line":6},"4":{"name":"divide","decl":{"start":{"line":7,"column":12},"end":{"line":12,"column":6}},"loc":{"start":{"line":7,"column":12},"end":{"line":12,"column":6}},"line":7},"5":{"name":"power","decl":{"start":{"line":13,"column":11},"end":{"line":18,"column":6}},"loc":{"start":{"line":13,"column":11},"end":{"line":18,"column":6}},"line":13},"6":{"name":"<static_initializer>","decl":{"start":{"line":25,"column":2},"end":{"line":25,"column":42}},"loc":{"start":{"line":25,"column":2},"end":{"line":25,"column":42}},"line":25},"7":{"name":"validateEmail","decl":{"start":{"line":27,"column":9},"end":{"line":56,"column":3}},"loc":{"start":{"line":27,"column":9},"end":{"line":56,"column":3}},"line":27},"8":{"name":"<instance_members_initializer>","decl":{"start":{"line":60,"column":7},"end":{"line":104,"column":1}},"loc":{"start":{"line":60,"column":7},"end":{"line":104,"column":1}},"line":60},"9":{"name":"createUser","decl":{"start":{"line":69,"column":2},"end":{"line":86,"column":3}},"loc":{"start":{"line":69,"column":2},"end":{"line":86,"column":3}},"line":69},"10":{"name":"getUser","decl":{"start":{"line":88,"column":2},"end":{"line":90,"column":3}},"loc":{"start":{"line":88,"column":2},"end":{"line":90,"column":3}},"line":88},"11":{"name":"getAllUsers","decl":{"start":{"line":92,"column":2},"end":{"line":94,"column":3}},"loc":{"start":{"line":92,"column":2},"end":{"line":94,"column":3}},"line":92},"12":{"name":"deactivateUser","decl":{"start":{"line":96,"column":2},"end":{"line":103,"column":3}},"loc":{"start":{"line":96,"column":2},"end":{"line":103,"column":3}},"line":96}},"f":{"0":105,"1":23,"2":10,"3":13,"4":24,"5":37,"6":6,"7":38,"8":17,"9":18,"10":11,"11":6,"12":4}}
}
